0.31, -0.94, 10.04
0.39, -0.86, 9.96
0.39, -0.86, 9.96
0.39, -0.86, 9.96
0.39, -0.86, 9.96
0.39, -0.86, 9.96
0.39, -0.86, 9.85
0.39, -0.86, 9.85
0.39, -0.86, 9.85
0.39, -0.86, 9.85
0.39, -0.86, 9.85
0.43, -0.86, 9.89
0.43, -0.86, 9.89
0.43, -0.86, 9.89
0.43, -0.86, 9.89
0.43, -0.86, 9.89
0.43, -0.78, 9.85
0.43, -0.78, 9.85
0.43, -0.78, 9.85
0.43, -0.78, 9.85
0.43, -0.78, 9.85
0.47, -0.71, 9.77
0.47, -0.71, 9.77
0.47, -0.71, 9.77
0.47, -0.71, 9.77
0.47, -0.71, 9.77
0.39, -0.75, 9.81
0.39, -0.75, 9.81
0.39, -0.75, 9.81
0.39, -0.75, 9.81
0.39, -0.75, 9.81
0.35, -0.75, 9.81
0.35, -0.75, 9.81
0.35, -0.75, 9.81
0.35, -0.75, 9.81
0.35, -0.75, 9.81
0.39, -0.82, 9.89
0.39, -0.82, 9.89
0.39, -0.82, 9.89
0.39, -0.82, 9.89
0.39, -0.82, 9.89
0.43, -0.86, 9.92
0.43, -0.86, 9.92
0.43, -0.86, 9.92
0.43, -0.86, 9.92
0.43, -0.86, 9.92
0.43, -0.94, 10.00
0.35, -0.94, 10.00
0.35, -0.94, 10.00
0.35, -0.94, 10.00
0.35, -0.94, 10.00
0.35, -0.98, 9.92
0.39, -0.98, 9.92
0.39, -0.98, 9.92
0.39, -0.98, 9.92
0.39, -0.98, 9.92
0.39, -0.98, 10.04
0.39, -0.98, 10.04
0.39, -0.98, 10.04
0.39, -0.98, 10.04
0.39, -0.98, 10.04
0.39, -0.98, 10.04
0.35, -0.98, 10.04
0.35, -0.98, 10.04
0.35, -0.98, 10.04
0.35, -0.98, 10.04
0.35, -0.98, 9.96
0.39, -0.98, 9.96
0.39, -0.98, 9.96
0.39, -0.98, 9.96
0.39, -0.98, 9.96
0.39, -0.98, 9.96
0.31, -0.98, 9.96
0.31, -0.98, 9.96
0.31, -0.98, 9.96
0.31, -0.98, 9.96
0.31, -1.02, 9.96
0.31, -1.02, 9.96
0.31, -1.02, 9.96
0.31, -1.02, 9.96
0.31, -1.02, 9.96
0.31, -1.02, 9.96
0.35, -0.90, 9.96
0.35, -0.90, 9.96
0.35, -0.90, 9.96
0.35, -0.90, 9.96
0.35, -0.90, 10.00
0.39, -0.90, 10.00
0.39, -0.90, 10.00
0.39, -0.90, 10.00
0.39, -0.90, 10.00
0.39, -0.90, 9.96
0.39, -1.02, 9.96
0.39, -1.02, 9.96
0.39, -1.02, 9.96
0.39, -1.02, 9.96
0.39, -1.02, 9.96
0.39, -0.98, 9.96
0.39, -0.98, 9.96
0.39, -0.98, 9.96
0.39, -0.98, 9.96
0.39, -0.98, 10.00
0.43, -0.98, 10.00
0.43, -0.98, 10.00
0.43, -0.98, 10.00
0.43, -0.98, 10.00
0.43, -0.98, 10.00
0.47, -1.02, 10.00
0.47, -1.02, 10.00
0.47, -1.02, 10.00
0.47, -1.02, 10.00
0.47, -1.02, 9.92
0.47, -0.98, 9.92
0.47, -0.98, 9.92
0.47, -0.98, 9.92
0.47, -0.98, 9.92
0.47, -0.98, 9.92
0.43, -0.94, 9.96
0.43, -0.94, 9.96
0.43, -0.94, 9.96
0.43, -0.94, 9.96
0.43, -0.94, 9.96
0.39, -0.86, 9.85
0.39, -0.86, 9.85
0.39, -0.86, 9.85
0.39, -0.86, 9.85
0.39, -0.86, 9.85
0.35, -0.78, 9.85
0.35, -0.78, 9.85
0.35, -0.78, 9.85
0.35, -0.78, 9.85
0.35, -0.78, 9.85
0.39, -0.75, 9.81
0.39, -0.75, 9.81
0.39, -0.75, 9.81
0.39, -0.75, 9.81
0.39, -0.75, 9.81
0.43, -0.78, 9.81
0.43, -0.78, 9.81
0.43, -0.78, 9.81
0.43, -0.78, 9.81
0.43, -0.78, 9.81
0.39, -0.86, 9.92
0.39, -0.86, 9.92
0.39, -0.86, 9.92
0.39, -0.86, 9.92
0.39, -0.86, 9.92
0.31, -0.90, 9.96
0.31, -0.90, 9.96
0.31, -0.90, 9.96
0.31, -0.90, 9.96
0.31, -0.90, 9.96
0.31, -0.98, 10.12
0.31, -0.98, 10.12
0.31, -0.98, 10.12
0.31, -0.98, 10.12
0.31, -0.98, 10.12
0.35, -1.02, 10.16
0.35, -1.02, 10.16
0.35, -1.02, 10.16
0.35, -1.02, 10.16
0.35, -1.02, 10.16
0.31, -1.10, 10.16
0.31, -1.10, 10.16
0.31, -1.10, 10.16
0.31, -1.10, 10.16
0.31, -1.10, 10.16
0.31, -1.06, 10.16
0.31, -1.06, 10.16
0.31, -1.06, 10.16
0.31, -1.06, 10.16
0.31, -1.06, 10.16
0.31, -1.06, 10.00
0.31, -1.06, 10.00
0.31, -1.06, 10.00
0.31, -1.06, 10.00
0.31, -1.06, 10.00
0.31, -1.06, 10.08
0.35, -1.06, 10.08
0.35, -1.06, 10.08
0.35, -1.06, 10.08
0.35, -1.06, 10.08
0.35, -1.06, 10.08
0.35, -1.06, 10.08
0.35, -1.06, 10.08
0.35, -1.06, 10.08
0.35, -1.06, 10.08
0.35, -0.98, 9.96
0.35, -0.98, 9.96
0.35, -0.98, 9.96
0.35, -0.98, 9.96
0.35, -0.98, 9.96
0.35, -0.94, 9.92
0.39, -0.94, 9.92
0.39, -0.94, 9.92
0.39, -0.94, 9.92
0.39, -0.94, 9.92
0.39, -0.82, 9.89
0.39, -0.82, 9.89
0.39, -0.82, 9.89
0.39, -0.82, 9.89
0.39, -0.82, 9.89
0.39, -0.82, 9.89
0.39, -0.75, 9.89
0.39, -0.75, 9.89
0.39, -0.75, 9.89
0.39, -0.75, 9.89
0.39, -0.75, 9.81
0.39, -0.82, 9.81
0.39, -0.82, 9.81
0.39, -0.82, 9.81
0.39, -0.82, 9.81
0.39, -0.82, 9.81
0.31, -0.75, 9.81
0.31, -0.75, 9.81
0.31, -0.75, 9.81
0.31, -0.75, 9.81
0.31, -0.75, 9.92
0.39, -0.82, 9.92
0.39, -0.82, 9.92
0.39, -0.82, 9.92
0.39, -0.82, 9.92
0.39, -0.82, 10.00
0.35, -0.90, 10.00
0.35, -0.90, 10.00
0.35, -0.90, 10.00
0.35, -0.90, 10.00
0.35, -0.90, 10.08
0.39, -0.98, 10.08
0.39, -0.98, 10.08
0.39, -0.98, 10.08
0.39, -0.98, 10.08
0.39, -0.98, 10.12
0.39, -1.06, 10.12
0.39, -1.06, 10.12
0.39, -1.06, 10.12
0.39, -1.06, 10.12
0.39, -1.06, 10.12
0.35, -1.18, 10.20
0.35, -1.18, 10.20
0.35, -1.18, 10.20
0.35, -1.18, 10.20
0.35, -1.18, 10.20
0.39, -1.10, 10.12
0.39, -1.10, 10.12
0.39, -1.10, 10.12
0.39, -1.10, 10.12
0.39, -1.10, 10.12
0.43, -1.06, 10.04
0.43, -1.06, 10.04
0.43, -1.06, 10.04
0.43, -1.06, 10.04
0.43, -1.06, 10.04
0.39, -0.94, 9.96
0.39, -0.94, 9.96
0.39, -0.94, 9.96
0.39, -0.94, 9.96
0.39, -0.94, 9.96
0.43, -0.90, 9.96
0.43, -0.90, 9.96
0.43, -0.90, 9.96
0.43, -0.90, 9.96
0.43, -0.90, 9.96
0.39, -1.02, 10.04
0.39, -1.02, 10.04
0.39, -1.02, 10.04
0.39, -1.02, 10.04
0.39, -1.02, 10.04
0.39, -1.10, 10.08
0.39, -1.10, 10.08
0.39, -1.10, 10.08
0.39, -1.10, 10.08
0.39, -1.10, 10.08
0.35, -1.18, 10.12
0.35, -1.18, 10.12
0.35, -1.18, 10.12
0.35, -1.18, 10.12
0.35, -1.18, 10.12
0.39, -1.14, 10.16
0.39, -1.14, 10.16
0.39, -1.14, 10.16
0.39, -1.14, 10.16
0.39, -1.14, 10.16
0.39, -1.14, 10.16
0.39, -1.14, 10.16
0.39, -1.14, 10.16
0.39, -1.14, 10.16
0.39, -1.14, 10.16
0.39, -1.14, 10.08
0.47, -1.14, 10.08
0.47, -1.14, 10.08
0.47, -1.14, 10.08
0.47, -1.14, 10.08
0.47, -0.94, 10.00
0.35, -0.94, 10.00
0.35, -0.94, 10.00
0.35, -0.94, 10.00
0.35, -0.94, 10.00
0.35, -0.94, 9.89
0.43, -0.94, 9.89
0.43, -0.94, 9.89
0.43, -0.94, 9.89
0.43, -0.94, 9.89
0.43, -0.90, 9.85
0.43, -0.90, 9.85
0.43, -0.90, 9.85
0.43, -0.90, 9.85
0.43, -0.90, 9.85
0.43, -0.86, 9.85
0.43, -0.86, 9.85
0.43, -0.86, 9.85
0.43, -0.86, 9.85
0.43, -0.86, 9.85
0.43, -0.94, 9.77
0.39, -0.94, 9.77
0.39, -0.94, 9.77
0.39, -0.94, 9.77
0.39, -0.94, 9.77
0.39, -0.94, 9.81
0.43, -0.94, 9.81
0.43, -0.94, 9.81
0.43, -0.94, 9.81
0.43, -0.94, 9.81
0.43, -0.94, 9.96
0.39, -0.94, 9.96
0.39, -0.94, 9.96
0.39, -0.94, 9.96
0.39, -0.94, 9.96
0.39, -0.94, 9.96
0.39, -1.06, 9.96
0.39, -1.06, 9.96
0.39, -1.06, 9.96
0.39, -1.06, 9.96
0.39, -1.06, 9.96
0.39, -1.10, 9.96
0.39, -1.10, 9.96
0.39, -1.10, 9.96
0.39, -1.10, 9.96
0.39, -1.10, 9.96
0.47, -1.06, 9.96
0.47, -1.06, 9.96
0.47, -1.06, 9.96
0.47, -1.06, 9.96
0.47, -1.06, 9.96
0.47, -1.02, 9.96
0.47, -1.02, 9.96
0.47, -1.02, 9.96
0.47, -1.02, 9.96
0.47, -1.02, 9.89
0.39, -0.90, 9.89
0.39, -0.90, 9.89
0.39, -0.90, 9.89
0.39, -0.90, 9.89
0.39, -0.90, 9.89
0.39, -0.94, 9.85
0.39, -0.94, 9.85
0.39, -0.94, 9.85
0.39, -0.94, 9.85
0.39, -0.94, 9.85
0.47, -0.94, 9.85
0.47, -0.94, 9.85
0.47, -0.94, 9.85
0.47, -0.94, 9.85
0.47, -0.94, 9.85
0.51, -1.02, 9.89
0.51, -1.02, 9.89
0.51, -1.02, 9.89
0.51, -1.02, 9.89
0.51, -1.02, 9.89
0.47, -1.06, 9.92
0.47, -1.06, 9.92
0.47, -1.06, 9.92
0.47, -1.06, 9.92
0.47, -1.06, 9.92
0.39, -1.10, 9.96
0.39, -1.10, 9.96
0.39, -1.10, 9.96
0.39, -1.10, 9.96
0.39, -1.10, 9.96
0.43, -1.14, 10.04
0.43, -1.14, 10.04
0.43, -1.14, 10.04
0.43, -1.14, 10.04
0.43, -1.14, 10.04
0.59, -1.18, 10.04
0.59, -1.18, 10.04
0.59, -1.18, 10.04
0.59, -1.18, 10.04
0.59, -1.18, 10.04
0.55, -1.10, 10.04
0.55, -1.10, 10.04
0.55, -1.10, 10.04
0.55, -1.10, 10.04
0.55, -1.10, 10.04
0.47, -1.14, 9.96
0.47, -1.14, 9.96
0.47, -1.14, 9.96
0.47, -1.14, 9.96
0.47, -1.14, 9.96
0.47, -1.06, 9.96
0.43, -1.06, 9.96
0.43, -1.06, 9.96
0.43, -1.06, 9.96
0.43, -1.06, 9.96
0.43, -1.02, 9.92
0.43, -1.02, 9.92
0.43, -1.02, 9.92
0.43, -1.02, 9.92
0.43, -1.02, 9.92
0.43, -1.02, 9.92
0.47, -1.02, 9.92
0.47, -1.02, 9.92
0.47, -1.02, 9.92
0.47, -1.02, 9.92
0.47, -1.10, 9.89
0.47, -1.10, 9.89
0.47, -1.10, 9.89
0.47, -1.10, 9.89
0.47, -1.10, 9.89
0.47, -0.94, 10.00
0.51, -0.94, 10.00
0.51, -0.94, 10.00
0.51, -0.94, 10.00
0.51, -0.94, 10.00
0.51, -1.02, 9.96
0.51, -1.02, 9.96
0.51, -1.02, 9.96
0.51, -1.02, 9.96
0.51, -1.02, 9.96
0.51, -0.94, 9.96
0.47, -0.94, 9.96
0.47, -0.94, 9.96
0.47, -0.94, 9.96
0.47, -0.94, 9.96
0.47, -0.98, 9.85
0.51, -0.98, 9.85
0.51, -0.98, 9.85
0.51, -0.98, 9.85
0.51, -0.98, 9.85
0.51, -0.98, 9.81
0.43, -0.86, 9.81
0.43, -0.86, 9.81
0.43, -0.86, 9.81
0.43, -0.86, 9.81
0.43, -0.86, 9.85
0.35, -0.94, 9.85
0.35, -0.94, 9.85
0.35, -0.94, 9.85
0.35, -0.94, 9.85
0.35, -0.94, 9.89
0.43, -0.94, 9.89
0.43, -0.94, 9.89
0.43, -0.94, 9.89
0.43, -0.94, 9.89
0.43, -0.94, 9.96
0.43, -0.90, 9.96
0.43, -0.90, 9.96
0.43, -0.90, 9.96
0.43, -0.90, 9.96
0.43, -0.90, 9.96
0.35, -0.94, 9.96
0.35, -0.94, 9.96
0.35, -0.94, 9.96
0.35, -0.94, 9.96
0.35, -0.94, 9.96
0.43, -0.94, 9.96
0.43, -0.94, 9.96
0.43, -0.94, 9.96
0.43, -0.94, 9.96
0.43, -0.94, 9.96
0.39, -0.94, 9.89
0.39, -0.94, 9.89
0.39, -0.94, 9.89
0.39, -0.94, 9.89
0.39, -0.94, 9.89
0.43, -0.86, 9.85
0.43, -0.86, 9.85
0.43, -0.86, 9.85
0.43, -0.86, 9.85
0.43, -0.86, 9.85
0.39, -0.90, 9.89
0.39, -0.90, 9.89
0.39, -0.90, 9.89
0.39, -0.90, 9.89
0.39, -0.90, 9.89
0.35, -0.86, 9.85
0.35, -0.86, 9.85
0.35, -0.86, 9.85
0.35, -0.86, 9.85
0.35, -0.86, 9.85
0.43, -0.94, 9.89
0.43, -0.94, 9.89
0.43, -0.94, 9.89
0.43, -0.94, 9.89
0.43, -0.94, 9.89
0.43, -0.90, 9.92
0.43, -0.90, 9.92
0.43, -0.90, 9.92
0.43, -0.90, 9.92
0.43, -0.90, 9.92
0.39, -0.94, 9.92
0.39, -0.94, 9.92
0.39, -0.94, 9.92
0.39, -0.94, 9.92
0.39, -0.94, 9.92
0.35, -0.90, 9.92
0.35, -0.90, 9.92
0.35, -0.90, 9.92
0.35, -0.90, 9.92
0.35, -0.90, 9.92
0.39, -1.06, 10.00
0.39, -1.06, 10.00
0.39, -1.06, 10.00
0.39, -1.06, 10.00
0.39, -1.06, 10.00
0.39, -1.06, 10.12
0.35, -1.06, 10.12
0.35, -1.06, 10.12
0.35, -1.06, 10.12
0.35, -1.06, 10.12
0.35, -1.14, 10.24
0.39, -1.14, 10.24
0.39, -1.14, 10.24
0.39, -1.14, 10.24
0.39, -1.14, 10.24
0.39, -1.18, 10.24
0.47, -1.18, 10.24
0.47, -1.18, 10.24
0.47, -1.18, 10.24
0.47, -1.18, 10.24
0.47, -1.02, 10.16
0.47, -1.02, 10.16
0.47, -1.02, 10.16
0.47, -1.02, 10.16
0.47, -1.02, 10.16
0.47, -1.10, 10.12
0.43, -1.10, 10.12
0.43, -1.10, 10.12
0.43, -1.10, 10.12
0.43, -1.10, 10.12
0.43, -0.82, 10.00
0.51, -0.82, 10.00
0.51, -0.82, 10.00
0.51, -0.82, 10.00
0.51, -0.82, 10.00
0.51, -0.12, 9.96
1.10, -0.12, 9.96
1.10, -0.12, 9.96
1.10, -0.12, 9.96
1.10, -0.12, 9.96
1.10, -2.12, 9.96
0.47, -2.12, 9.96
0.47, -2.12, 9.96
0.47, -2.12, 9.96
0.47, -2.12, 9.96
0.47, -2.12, 9.81
-0.20, -1.18, 9.81
-0.20, -1.18, 9.81
-0.20, -1.18, 9.81
-0.20, -1.18, 9.81
-0.20, -1.18, 9.77
0.20, -0.63, 9.77
0.20, -0.63, 9.77
0.20, -0.63, 9.77
0.20, -0.63, 9.77
0.20, -0.63, 10.00
0.82, -1.14, 10.00
0.82, -1.14, 10.00
0.82, -1.14, 10.00
0.82, -1.14, 10.00
0.82, -1.14, 10.00
0.82, -1.22, 10.00
0.82, -1.22, 10.00
0.82, -1.22, 10.00
0.82, -1.22, 10.00
0.82, -1.22, 9.92
0.59, -1.22, 9.92
0.59, -1.22, 9.92
0.59, -1.22, 9.92
0.59, -1.22, 9.92
0.59, -1.22, 9.89
0.51, -1.14, 9.89
0.51, -1.14, 9.89
0.51, -1.14, 9.89
0.51, -1.14, 9.89
0.51, -1.14, 9.85
0.55, -1.14, 9.85
0.55, -1.14, 9.85
0.55, -1.14, 9.85
0.55, -1.14, 9.85
0.55, -1.14, 9.85
0.55, -1.18, 9.77
0.55, -1.18, 9.77
0.55, -1.18, 9.77
0.55, -1.18, 9.77
0.55, -1.18, 9.77
0.63, -1.22, 9.73
0.63, -1.22, 9.73
0.63, -1.22, 9.73
0.63, -1.22, 9.73
0.63, -1.22, 9.73
0.71, -1.26, 9.53
0.71, -1.26, 9.53
0.71, -1.26, 9.53
0.71, -1.26, 9.53
0.71, -1.26, 9.53
0.71, -1.14, 9.38
0.71, -1.14, 9.38
0.71, -1.14, 9.38
0.71, -1.14, 9.38
0.71, -1.14, 9.38
0.82, -1.14, 9.22
0.82, -1.14, 9.22
0.82, -1.14, 9.22
0.82, -1.14, 9.22
0.82, -1.14, 9.22
0.82, -1.10, 9.02
0.82, -1.10, 9.02
0.82, -1.10, 9.02
0.82, -1.10, 9.02
0.82, -1.10, 9.02
0.90, -1.06, 8.79
0.90, -1.06, 8.79
0.90, -1.06, 8.79
0.90, -1.06, 8.79
0.90, -1.06, 8.79
0.90, -1.10, 8.51
0.90, -1.10, 8.51
0.90, -1.10, 8.51
0.90, -1.10, 8.51
0.90, -1.10, 8.51
0.82, -1.10, 8.24
0.82, -1.10, 8.24
0.82, -1.10, 8.24
0.82, -1.10, 8.24
0.82, -1.10, 8.24
0.90, -1.14, 8.04
0.90, -1.14, 8.04
0.90, -1.14, 8.04
0.90, -1.14, 8.04
0.90, -1.14, 8.04
0.90, -1.18, 7.81
0.98, -1.18, 7.81
0.98, -1.18, 7.81
0.98, -1.18, 7.81
0.98, -1.18, 7.81
0.98, -1.14, 7.65
0.98, -1.14, 7.65
0.98, -1.14, 7.65
0.98, -1.14, 7.65
0.98, -1.14, 7.65
0.98, -1.22, 7.37
0.98, -1.22, 7.37
0.98, -1.22, 7.37
0.98, -1.22, 7.37
0.98, -1.22, 7.37
0.98, -1.26, 7.10
1.02, -1.26, 7.10
1.02, -1.26, 7.10
1.02, -1.26, 7.10
1.02, -1.26, 7.10
1.02, -1.14, 6.86
0.98, -1.14, 6.86
0.98, -1.14, 6.86
0.98, -1.14, 6.86
0.98, -1.14, 6.86
0.98, -1.14, 6.51
0.94, -1.14, 6.51
0.94, -1.14, 6.51
0.94, -1.14, 6.51
0.94, -1.14, 6.51
0.94, -1.06, 6.16
0.82, -1.06, 6.16
0.82, -1.06, 6.16
0.82, -1.06, 6.16
0.82, -1.06, 6.16
0.82, -1.06, 5.84
0.86, -0.98, 5.84
0.86, -0.98, 5.84
0.86, -0.98, 5.84
0.86, -0.98, 5.84
0.86, -0.98, 5.45
0.94, -0.94, 5.45
0.94, -0.94, 5.45
0.94, -0.94, 5.45
0.94, -0.94, 5.45
0.94, -0.94, 5.10
0.86, -0.78, 5.10
0.86, -0.78, 5.10
0.86, -0.78, 5.10
0.86, -0.78, 5.10
0.86, -0.78, 4.90
0.75, -0.86, 4.90
0.75, -0.86, 4.90
0.75, -0.86, 4.90
0.75, -0.86, 4.90
0.75, -0.86, 4.71
0.67, -0.82, 4.71
0.67, -0.82, 4.71
0.67, -0.82, 4.71
0.67, -0.82, 4.71
0.67, -0.82, 4.59
0.67, -0.82, 4.59
0.67, -0.82, 4.59
0.67, -0.82, 4.59
0.67, -0.82, 4.59
0.67, -0.82, 4.55
0.71, -0.82, 4.55
0.71, -0.82, 4.55
0.71, -0.82, 4.55
0.71, -0.82, 4.55
0.71, -0.82, 4.55
0.67, -0.98, 4.63
0.67, -0.98, 4.63
0.67, -0.98, 4.63
0.67, -0.98, 4.63
0.67, -0.98, 4.63
0.43, -1.06, 4.71
0.43, -1.06, 4.71
0.43, -1.06, 4.71
0.43, -1.06, 4.71
0.43, -1.06, 4.71
0.24, -1.10, 4.82
0.24, -1.10, 4.82
0.24, -1.10, 4.82
0.24, -1.10, 4.82
0.24, -1.10, 4.82
0.00, -1.29, 4.86
0.00, -1.29, 4.86
0.00, -1.29, 4.86
0.00, -1.29, 4.86
0.00, -1.29, 4.86
-0.20, -1.26, 4.90
-0.20, -1.26, 4.90
-0.20, -1.26, 4.90
-0.20, -1.26, 4.90
-0.20, -1.26, 4.90
-0.47, -1.10, 4.98
-0.47, -1.10, 4.98
-0.47, -1.10, 4.98
-0.47, -1.10, 4.98
-0.47, -1.10, 4.98
-0.55, -0.98, 5.18
-0.55, -0.98, 5.18
-0.55, -0.98, 5.18
-0.55, -0.98, 5.18
-0.55, -0.98, 5.18
-0.27, -0.86, 5.33
-0.27, -0.86, 5.33
-0.27, -0.86, 5.33
-0.27, -0.86, 5.33
-0.27, -0.86, 5.33
-0.59, -1.06, 5.37
-0.59, -1.06, 5.37
-0.59, -1.06, 5.37
-0.59, -1.06, 5.37
-0.59, -1.06, 5.37
-1.10, -1.26, 5.84
-1.10, -1.26, 5.84
-1.10, -1.26, 5.84
-1.10, -1.26, 5.84
-1.10, -1.26, 5.84
-1.45, -1.18, 6.32
-1.45, -1.18, 6.32
-1.45, -1.18, 6.32
-1.45, -1.18, 6.32
-1.45, -1.18, 6.32
-1.53, -1.18, 6.67
-1.53, -1.18, 6.67
-1.53, -1.18, 6.67
-1.53, -1.18, 6.67
-1.53, -1.18, 6.67
-1.49, -1.37, 7.18
-1.49, -1.37, 7.18
-1.49, -1.37, 7.18
-1.49, -1.37, 7.18
-1.49, -1.37, 7.18
-1.45, -1.49, 7.73
-1.45, -1.49, 7.73
-1.45, -1.49, 7.73
-1.45, -1.49, 7.73
-1.45, -1.49, 7.73
-1.33, -1.49, 8.32
-1.33, -1.49, 8.32
-1.33, -1.49, 8.32
-1.33, -1.49, 8.32
-1.33, -1.49, 8.32
-1.53, -1.49, 8.94
-1.53, -1.49, 8.94
-1.53, -1.49, 8.94
-1.53, -1.49, 8.94
-1.53, -1.49, 8.94
-1.61, -1.29, 9.61
-1.61, -1.29, 9.61
-1.61, -1.29, 9.61
-1.61, -1.29, 9.61
-1.61, -1.29, 9.61
-1.49, -1.80, 10.32
-1.49, -1.80, 10.32
-1.49, -1.80, 10.32
-1.49, -1.80, 10.32
-1.49, -1.80, 10.32
-1.53, -1.77, 11.34
-1.53, -1.77, 11.34
-1.53, -1.77, 11.34
-1.53, -1.77, 11.34
-1.53, -1.77, 11.34
-1.29, -1.77, 12.24
-1.29, -1.77, 12.24
-1.29, -1.77, 12.24
-1.29, -1.77, 12.24
-1.29, -1.77, 12.24
-0.98, -2.00, 13.22
-0.98, -2.00, 13.22
-0.98, -2.00, 13.22
-0.98, -2.00, 13.22
-0.98, -2.00, 13.22
-0.71, -1.96, 13.96
-0.71, -1.96, 13.96
-0.71, -1.96, 13.96
-0.71, -1.96, 13.96
-0.71, -1.96, 13.96
-0.82, -1.84, 14.51
-0.82, -1.84, 14.51
-0.82, -1.84, 14.51
-0.82, -1.84, 14.51
-0.82, -1.84, 14.51
-0.90, -1.77, 15.30
-0.90, -1.77, 15.30
-0.90, -1.77, 15.30
-0.90, -1.77, 15.30
-0.90, -1.77, 15.30
-0.82, -1.53, 16.16
-0.82, -1.53, 16.16
-0.82, -1.53, 16.16
-0.82, -1.53, 16.16
-0.82, -1.53, 16.16
-0.75, -1.41, 16.63
-0.75, -1.41, 16.63
-0.75, -1.41, 16.63
-0.75, -1.41, 16.63
-0.75, -1.41, 16.63
-0.82, -1.06, 16.79
-0.82, -1.06, 16.79
-0.82, -1.06, 16.79
-0.82, -1.06, 16.79
-0.82, -1.06, 16.79
-0.94, -0.55, 16.71
-0.94, -0.55, 16.71
-0.94, -0.55, 16.71
-0.94, -0.55, 16.71
-0.94, -0.55, 16.71
-1.22, -0.08, 16.44
-1.22, -0.08, 16.44
-1.22, -0.08, 16.44
-1.22, -0.08, 16.44
-1.22, -0.08, 16.44
-1.45, 0.71, 15.85
-1.45, 0.71, 15.85
-1.45, 0.71, 15.85
-1.45, 0.71, 15.85
-1.45, 0.71, 15.85
-1.73, 1.69, 15.30
-1.73, 1.69, 15.30
-1.73, 1.69, 15.30
-1.73, 1.69, 15.30
-1.73, 1.69, 15.30
-2.16, 2.47, 14.71
-2.16, 2.47, 14.71
-2.16, 2.47, 14.71
-2.16, 2.47, 14.71
-2.16, 2.47, 14.71
-2.47, 3.30, 14.20
-2.47, 3.30, 14.20
-2.47, 3.30, 14.20
-2.47, 3.30, 14.20
-2.47, 3.30, 14.20
-2.47, 4.28, 13.65
-2.63, 4.28, 13.65
-2.63, 4.28, 13.65
-2.63, 4.28, 13.65
-2.63, 4.28, 13.65
-2.63, 4.98, 13.49
-3.06, 4.98, 13.49
-3.06, 4.98, 13.49
-3.06, 4.98, 13.49
-3.06, 4.98, 13.49
-3.06, 5.65, 13.53
-3.30, 5.65, 13.53
-3.30, 5.65, 13.53
-3.30, 5.65, 13.53
-3.30, 5.65, 13.53
-3.30, 6.20, 13.57
-3.80, 6.20, 13.57
-3.80, 6.20, 13.57
-3.80, 6.20, 13.57
-3.80, 6.20, 13.57
-3.80, 6.67, 13.53
-4.12, 6.67, 13.53
-4.12, 6.67, 13.53
-4.12, 6.67, 13.53
-4.12, 6.67, 13.53
-4.12, 7.49, 13.45
-3.92, 7.49, 13.45
-3.92, 7.49, 13.45
-3.92, 7.49, 13.45
-3.92, 7.49, 13.45
-3.92, 7.88, 13.38
-4.59, 7.88, 13.38
-4.59, 7.88, 13.38
-4.59, 7.88, 13.38
-4.59, 7.88, 13.38
-4.59, 7.88, 13.69
-4.94, 8.08, 13.69
-4.94, 8.08, 13.69
-4.94, 8.08, 13.69
-4.94, 8.08, 13.69
-4.94, 8.08, 14.36
-4.79, 7.57, 14.36
-4.79, 7.57, 14.36
-4.79, 7.57, 14.36
-4.79, 7.57, 14.36
-4.79, 7.57, 14.98
-5.02, 7.06, 14.98
-5.02, 7.06, 14.98
-5.02, 7.06, 14.98
-5.02, 7.06, 14.98
-5.02, 7.06, 15.30
-5.33, 6.63, 15.30
-5.33, 6.63, 15.30
-5.33, 6.63, 15.30
-5.33, 6.63, 15.30
-5.33, 6.63, 15.06
-5.45, 6.35, 15.06
-5.45, 6.35, 15.06
-5.45, 6.35, 15.06
-5.45, 6.35, 15.06
-5.45, 6.35, 14.47
-5.73, 6.12, 14.47
-5.73, 6.12, 14.47
-5.73, 6.12, 14.47
-5.73, 6.12, 14.47
-5.73, 6.12, 13.57
-5.69, 6.16, 13.57
-5.69, 6.16, 13.57
-5.69, 6.16, 13.57
-5.69, 6.16, 13.57
-5.69, 6.16, 13.57
-5.84, 6.43, 12.59
-5.84, 6.43, 12.59
-5.84, 6.43, 12.59
-5.84, 6.43, 12.59
-5.84, 6.43, 12.59
-6.08, 6.47, 11.77
-6.08, 6.47, 11.77
-6.08, 6.47, 11.77
-6.08, 6.47, 11.77
-6.08, 6.47, 11.77
-6.16, 5.81, 11.41
-6.16, 5.81, 11.41
-6.16, 5.81, 11.41
-6.16, 5.81, 11.41
-6.16, 5.81, 11.41
-5.96, 5.02, 11.34
-5.96, 5.02, 11.34
-5.96, 5.02, 11.34
-5.96, 5.02, 11.34
-5.96, 5.02, 11.34
-6.00, 4.12, 11.41
-6.00, 4.12, 11.41
-6.00, 4.12, 11.41
-6.00, 4.12, 11.41
-6.00, 4.12, 11.41
-5.92, 2.86, 11.53
-5.92, 2.86, 11.53
-5.92, 2.86, 11.53
-5.92, 2.86, 11.53
-5.92, 2.86, 11.53
-5.69, 1.92, 11.18
-5.69, 1.92, 11.18
-5.69, 1.92, 11.18
-5.69, 1.92, 11.18
-5.69, 1.92, 11.18
-5.92, 0.39, 11.06
-5.92, 0.39, 11.06
-5.92, 0.39, 11.06
-5.92, 0.39, 11.06
-5.92, 0.39, 11.06
-6.00, -1.73, 11.26
-6.00, -1.73, 11.26
-6.00, -1.73, 11.26
-6.00, -1.73, 11.26
-6.00, -1.73, 11.26
-5.45, -2.94, 11.02
-5.45, -2.94, 11.02
-5.45, -2.94, 11.02
-5.45, -2.94, 11.02
-5.45, -2.94, 11.02
-5.41, -3.84, 10.94
-5.41, -3.84, 10.94
-5.41, -3.84, 10.94
-5.41, -3.84, 10.94
-5.41, -3.84, 10.94
-5.18, -4.98, 10.87
-5.18, -4.98, 10.87
-5.18, -4.98, 10.87
-5.18, -4.98, 10.87
-5.18, -4.98, 10.87
-5.18, -6.08, 10.63
-4.82, -6.08, 10.63
-4.82, -6.08, 10.63
-4.82, -6.08, 10.63
-4.82, -6.08, 10.63
-4.82, -6.59, 10.40
-4.67, -6.59, 10.40
-4.67, -6.59, 10.40
-4.67, -6.59, 10.40
-4.67, -6.59, 10.40
-4.67, -7.22, 10.32
-4.55, -7.22, 10.32
-4.55, -7.22, 10.32
-4.55, -7.22, 10.32
-4.55, -7.22, 10.32
-4.55, -7.61, 9.85
-4.35, -7.61, 9.85
-4.35, -7.61, 9.85
-4.35, -7.61, 9.85
-4.35, -7.61, 9.85
-4.35, -7.69, 9.30
-3.84, -7.69, 9.30
-3.84, -7.69, 9.30
-3.84, -7.69, 9.30
-3.84, -7.69, 9.30
-3.84, -7.81, 8.55
-3.30, -7.81, 8.55
-3.30, -7.81, 8.55
-3.30, -7.81, 8.55
-3.30, -7.81, 8.55
-3.30, -7.96, 8.04
-2.63, -7.96, 8.04
-2.63, -7.96, 8.04
-2.63, -7.96, 8.04
-2.63, -7.96, 8.04
-2.63, -8.12, 8.32
-2.08, -8.12, 8.32
-2.08, -8.12, 8.32
-2.08, -8.12, 8.32
-2.08, -8.12, 8.32
-2.08, -8.32, 8.67
-1.49, -8.32, 8.67
-1.49, -8.32, 8.67
-1.49, -8.32, 8.67
-1.49, -8.32, 8.67
-1.49, -8.20, 8.67
-1.14, -8.20, 8.67
-1.14, -8.20, 8.67
-1.14, -8.20, 8.67
-1.14, -8.20, 8.67
-1.14, -8.00, 8.87
-1.45, -8.00, 8.87
-1.45, -8.00, 8.87
-1.45, -8.00, 8.87
-1.45, -8.00, 8.87
-1.45, -7.88, 8.98
-1.61, -7.88, 8.98
-1.61, -7.88, 8.98
-1.61, -7.88, 8.98
-1.61, -7.88, 8.98
-1.61, -7.22, 9.30
-1.73, -7.22, 9.30
-1.73, -7.22, 9.30
-1.73, -7.22, 9.30
-1.73, -7.22, 9.30
-1.73, -6.79, 9.65
-1.73, -6.79, 9.65
-1.73, -6.79, 9.65
-1.73, -6.79, 9.65
-1.73, -6.79, 9.65
-1.73, -6.59, 10.00
-1.92, -6.59, 10.00
-1.92, -6.59, 10.00
-1.92, -6.59, 10.00
-1.92, -6.59, 10.00
-1.92, -6.00, 10.40
-1.96, -6.00, 10.40
-1.96, -6.00, 10.40
-1.96, -6.00, 10.40
-1.96, -6.00, 10.40
-1.96, -5.45, 10.59
-2.04, -5.45, 10.59
-2.04, -5.45, 10.59
-2.04, -5.45, 10.59
-2.04, -5.45, 10.59
-2.04, -5.18, 10.47
-2.12, -5.18, 10.47
-2.12, -5.18, 10.47
-2.12, -5.18, 10.47
-2.12, -5.18, 10.47
-2.12, -4.47, 10.36
-2.08, -4.47, 10.36
-2.08, -4.47, 10.36
-2.08, -4.47, 10.36
-2.08, -4.47, 10.36
-2.08, -3.73, 9.89
-1.77, -3.73, 9.89
-1.77, -3.73, 9.89
-1.77, -3.73, 9.89
-1.77, -3.73, 9.89
-1.77, -3.10, 9.65
-1.49, -3.10, 9.65
-1.49, -3.10, 9.65
-1.49, -3.10, 9.65
-1.49, -3.10, 9.65
-1.49, -1.26, 9.45
1.92, -1.26, 9.45
1.92, -1.26, 9.45
1.92, -1.26, 9.45
1.92, -1.26, 9.45
1.92, -5.65, 8.94
-1.10, -5.65, 8.94
-1.10, -5.65, 8.94
-1.10, -5.65, 8.94
-1.10, -5.65, 8.94
-1.10, -3.22, 9.89
0.63, -3.22, 9.89
0.63, -3.22, 9.89
0.63, -3.22, 9.89
0.63, -3.22, 9.89
0.63, -1.80, 10.32
0.08, -1.80, 10.32
0.08, -1.80, 10.32
0.08, -1.80, 10.32
0.08, -1.80, 10.32
0.08, -1.37, 10.43
-1.41, -1.37, 10.43
-1.41, -1.37, 10.43
-1.41, -1.37, 10.43
-1.41, -1.37, 10.43
-1.41, -0.82, 10.47
-1.49, -0.82, 10.47
-1.49, -0.82, 10.47
-1.49, -0.82, 10.47
-1.49, -0.82, 10.47
-1.49, -0.47, 10.36
-1.02, -0.47, 10.36
-1.02, -0.47, 10.36
-1.02, -0.47, 10.36
-1.02, -0.47, 10.36
-1.02, -0.27, 10.16
-0.98, -0.27, 10.16
-0.98, -0.27, 10.16
-0.98, -0.27, 10.16
-0.98, -0.27, 10.16
-0.98, -0.12, 10.08
-1.02, -0.12, 10.08
-1.02, -0.12, 10.08
-1.02, -0.12, 10.08
-1.02, -0.12, 10.08
-1.02, 0.16, 9.81
-0.86, 0.16, 9.81
-0.86, 0.16, 9.81
-0.86, 0.16, 9.81
-0.86, 0.16, 9.81
-0.86, 0.16, 9.69
-0.94, 0.82, 9.69
-0.94, 0.82, 9.69
-0.94, 0.82, 9.69
-0.94, 0.82, 9.69
-0.94, 0.82, 9.69
-1.10, 1.14, 9.69
-1.10, 1.14, 9.69
-1.10, 1.14, 9.69
-1.10, 1.14, 9.69
-1.10, 1.14, 9.61
-1.14, 1.14, 9.61
-1.14, 1.14, 9.61
-1.14, 1.14, 9.61
-1.14, 1.14, 9.61
-1.14, 1.14, 9.73
-1.29, 0.78, 9.73
-1.29, 0.78, 9.73
-1.29, 0.78, 9.73
-1.29, 0.78, 9.73
-1.29, 0.78, 9.85
-1.33, 0.71, 9.85
-1.33, 0.71, 9.85
-1.33, 0.71, 9.85
-1.33, 0.71, 9.85
-1.33, 0.71, 10.08
-1.37, 0.55, 10.08
-1.37, 0.55, 10.08
-1.37, 0.55, 10.08
-1.37, 0.55, 10.08
-1.37, 0.55, 10.08
-1.41, 0.27, 10.36
-1.41, 0.27, 10.36
-1.41, 0.27, 10.36
-1.41, 0.27, 10.36
-1.41, 0.27, 10.36
-1.41, 0.08, 10.43
-1.41, 0.08, 10.43
-1.41, 0.08, 10.43
-1.41, 0.08, 10.43
-1.41, 0.08, 10.43
-1.57, 0.04, 10.71
-1.57, 0.04, 10.71
-1.57, 0.04, 10.71
-1.57, 0.04, 10.71
-1.57, 0.04, 10.71
-1.69, 0.08, 10.43
-1.69, 0.08, 10.43
-1.69, 0.08, 10.43
-1.69, 0.08, 10.43
-1.69, 0.08, 10.43
-1.77, 0.16, 10.20
-1.77, 0.16, 10.20
-1.77, 0.16, 10.20
-1.77, 0.16, 10.20
-1.77, 0.16, 10.20
-1.88, 0.43, 10.00
-1.88, 0.43, 10.00
-1.88, 0.43, 10.00
-1.88, 0.43, 10.00
-1.88, 0.43, 10.00
-1.84, 0.90, 9.77
-1.84, 0.90, 9.77
-1.84, 0.90, 9.77
-1.84, 0.90, 9.77
-1.84, 0.90, 9.77
-1.84, 1.02, 9.49
-1.84, 1.02, 9.49
-1.84, 1.02, 9.49
-1.84, 1.02, 9.49
-1.84, 1.02, 9.49
-1.96, 1.22, 9.49
-1.96, 1.22, 9.49
-1.96, 1.22, 9.49
-1.96, 1.22, 9.49
-1.96, 1.22, 9.49
-1.88, 1.14, 9.57
-1.88, 1.14, 9.57
-1.88, 1.14, 9.57
-1.88, 1.14, 9.57
-1.88, 1.14, 9.57
-1.88, 1.06, 9.53
-1.80, 1.06, 9.53
-1.80, 1.06, 9.53
-1.80, 1.06, 9.53
-1.80, 1.06, 9.53
-1.80, 0.75, 9.85
-1.84, 0.75, 9.85
-1.84, 0.75, 9.85
-1.84, 0.75, 9.85
-1.84, 0.75, 9.85
-1.84, 0.51, 10.20
-1.73, 0.51, 10.20
-1.73, 0.51, 10.20
-1.73, 0.51, 10.20
-1.73, 0.51, 10.20
-1.73, 0.31, 10.40
-1.61, 0.31, 10.40
-1.61, 0.31, 10.40
-1.61, 0.31, 10.40
-1.61, 0.31, 10.40
-1.61, 0.31, 10.36
-1.69, 0.31, 10.36
-1.69, 0.31, 10.36
-1.69, 0.31, 10.36
-1.69, 0.31, 10.36
-1.69, 0.39, 10.20
-1.73, 0.39, 10.20
-1.73, 0.39, 10.20
-1.73, 0.39, 10.20
-1.73, 0.39, 10.20
-1.73, 0.51, 10.08
-1.69, 0.51, 10.08
-1.69, 0.51, 10.08
-1.69, 0.51, 10.08
-1.69, 0.51, 10.08
-1.69, 0.75, 9.92
-1.57, 0.75, 9.92
-1.57, 0.75, 9.92
-1.57, 0.75, 9.92
-1.57, 0.75, 9.92
-1.57, 0.75, 9.81
-1.61, 0.86, 9.81
-1.61, 0.86, 9.81
-1.61, 0.86, 9.81
-1.61, 0.86, 9.81
-1.61, 0.86, 9.57
-1.57, 0.86, 9.57
-1.57, 0.86, 9.57
-1.57, 0.86, 9.57
-1.57, 0.86, 9.57
-1.57, 0.86, 9.61
-1.61, 0.98, 9.61
-1.61, 0.98, 9.61
-1.61, 0.98, 9.61
-1.61, 0.98, 9.61
-1.61, 0.98, 9.57
-1.49, 0.94, 9.57
-1.49, 0.94, 9.57
-1.49, 0.94, 9.57
-1.49, 0.94, 9.57
-1.49, 0.94, 9.57
-1.57, 0.71, 9.57
-1.57, 0.71, 9.57
-1.57, 0.71, 9.57
-1.57, 0.71, 9.57
-1.57, 0.71, 9.73
-1.57, 0.67, 9.73
-1.57, 0.67, 9.73
-1.57, 0.67, 9.73
-1.57, 0.67, 9.73
-1.57, 0.67, 9.89
-1.65, 0.67, 9.89
-1.65, 0.67, 9.89
-1.65, 0.67, 9.89
-1.65, 0.67, 9.89
-1.65, 0.67, 10.08
-1.65, 0.59, 10.08
-1.65, 0.59, 10.08
-1.65, 0.59, 10.08
-1.65, 0.59, 10.08
-1.65, 0.59, 10.08
-1.61, 0.47, 10.28
-1.61, 0.47, 10.28
-1.61, 0.47, 10.28
-1.61, 0.47, 10.28
-1.61, 0.47, 10.28
-1.73, 0.39, 10.36
-1.73, 0.39, 10.36
-1.73, 0.39, 10.36
-1.73, 0.39, 10.36
-1.73, 0.39, 10.36
-1.65, 0.35, 10.28
-1.65, 0.35, 10.28
-1.65, 0.35, 10.28
-1.65, 0.35, 10.28
-1.65, 0.35, 10.28
-1.65, 0.51, 10.08
-1.65, 0.51, 10.08
-1.65, 0.51, 10.08
-1.65, 0.51, 10.08
-1.65, 0.51, 10.08
-1.69, 0.75, 9.85
-1.69, 0.75, 9.85
-1.69, 0.75, 9.85
-1.69, 0.75, 9.85
-1.69, 0.75, 9.85
-1.61, 0.98, 9.69
-1.61, 0.98, 9.69
-1.61, 0.98, 9.69
-1.61, 0.98, 9.69
-1.61, 0.98, 9.69
-1.57, 1.10, 9.45
-1.57, 1.10, 9.45
-1.57, 1.10, 9.45
-1.57, 1.10, 9.45
-1.57, 1.10, 9.45
-1.61, 1.18, 9.45
-1.61, 1.18, 9.45
-1.61, 1.18, 9.45
-1.61, 1.18, 9.45
-1.61, 1.18, 9.45
-1.61, 1.10, 9.45
-1.61, 1.10, 9.45
-1.61, 1.10, 9.45
-1.61, 1.10, 9.45
-1.61, 1.10, 9.45
-1.61, 0.82, 9.49
-1.61, 0.82, 9.49
-1.61, 0.82, 9.49
-1.61, 0.82, 9.49
-1.61, 0.82, 9.49
-1.61, 0.55, 9.73
-1.49, 0.55, 9.73
-1.49, 0.55, 9.73
-1.49, 0.55, 9.73
-1.49, 0.55, 9.73
-1.49, 0.31, 10.04
-1.41, 0.31, 10.04
-1.41, 0.31, 10.04
-1.41, 0.31, 10.04
-1.41, 0.31, 10.04
-1.41, 0.16, 10.12
-1.41, 0.16, 10.12
-1.41, 0.16, 10.12
-1.41, 0.16, 10.12
-1.41, 0.16, 10.12
-1.41, 0.16, 10.12
-1.45, 0.16, 10.12
-1.45, 0.16, 10.12
-1.45, 0.16, 10.12
-1.45, 0.16, 10.12
-1.45, 0.16, 9.96
-1.53, 0.16, 9.96
-1.53, 0.16, 9.96
-1.53, 0.16, 9.96
-1.53, 0.16, 9.96
-1.53, 0.35, 9.73
-1.45, 0.35, 9.73
-1.45, 0.35, 9.73
-1.45, 0.35, 9.73
-1.45, 0.35, 9.73
-1.45, 0.43, 9.57
-1.41, 0.43, 9.57
-1.41, 0.43, 9.57
-1.41, 0.43, 9.57
-1.41, 0.43, 9.57
-1.41, 0.43, 9.38
-1.49, 0.59, 9.38
-1.49, 0.59, 9.38
-1.49, 0.59, 9.38
-1.49, 0.59, 9.38
-1.49, 0.59, 9.26
-1.53, 0.67, 9.26
-1.53, 0.67, 9.26
-1.53, 0.67, 9.26
-1.53, 0.67, 9.26
-1.53, 0.67, 9.18
-1.61, 0.90, 9.18
-1.61, 0.90, 9.18
-1.61, 0.90, 9.18
-1.61, 0.90, 9.18
-1.61, 0.90, 9.38
-1.65, 0.90, 9.38
-1.65, 0.90, 9.38
-1.65, 0.90, 9.38
-1.65, 0.90, 9.38
-1.65, 0.90, 9.49
-1.57, 0.82, 9.49
-1.57, 0.82, 9.49
-1.57, 0.82, 9.49
-1.57, 0.82, 9.49
-1.57, 0.82, 9.69
-1.45, 0.63, 9.69
-1.45, 0.63, 9.69
-1.45, 0.63, 9.69
-1.45, 0.63, 9.69
-1.45, 0.63, 9.89
-1.53, 0.59, 9.89
-1.53, 0.59, 9.89
-1.53, 0.59, 9.89
-1.53, 0.59, 9.89
-1.53, 0.59, 9.89
-1.53, 0.51, 9.92
-1.53, 0.51, 9.92
-1.53, 0.51, 9.92
-1.53, 0.51, 9.92
-1.53, 0.51, 9.92
-1.53, 0.39, 9.89
-1.53, 0.39, 9.89
-1.53, 0.39, 9.89
-1.53, 0.39, 9.89
-1.53, 0.39, 9.89
-1.57, 0.39, 9.81
-1.57, 0.39, 9.81
-1.57, 0.39, 9.81
-1.57, 0.39, 9.81
-1.57, 0.39, 9.81
-1.69, 0.51, 9.57
-1.69, 0.51, 9.57
-1.69, 0.51, 9.57
-1.69, 0.51, 9.57
-1.69, 0.51, 9.57
-1.73, 0.63, 9.53
-1.73, 0.63, 9.53
-1.73, 0.63, 9.53
-1.73, 0.63, 9.53
-1.73, 0.63, 9.53
