0.43, -0.71, 9.96
0.43, -0.71, 9.96
0.43, -0.71, 9.96
0.43, -0.71, 9.96
0.51, -0.63, 9.96
0.51, -0.63, 9.96
0.51, -0.63, 9.96
0.51, -0.63, 9.96
0.51, -0.63, 9.92
0.47, -0.59, 9.92
0.47, -0.59, 9.92
0.47, -0.59, 9.92
0.47, -0.59, 9.92
0.47, -0.59, 9.81
0.39, -0.51, 9.81
0.39, -0.51, 9.81
0.39, -0.51, 9.81
0.39, -0.51, 9.81
0.39, -0.51, 9.81
0.51, -0.39, 9.81
0.51, -0.39, 9.81
0.51, -0.39, 9.81
0.51, -0.39, 9.81
0.51, -0.39, 9.92
0.47, -0.43, 9.92
0.47, -0.43, 9.92
0.47, -0.43, 9.92
0.47, -0.43, 9.92
0.47, -0.43, 9.92
0.47, -0.39, 10.00
0.47, -0.39, 10.00
0.47, -0.39, 10.00
0.47, -0.39, 10.00
0.47, -0.39, 10.00
0.39, -0.39, 10.04
0.39, -0.39, 10.04
0.39, -0.39, 10.04
0.39, -0.39, 10.04
0.39, -0.39, 10.04
0.39, -0.47, 10.12
0.39, -0.47, 10.12
0.39, -0.47, 10.12
0.39, -0.47, 10.12
0.39, -0.47, 10.12
0.39, -0.67, 10.24
0.39, -0.67, 10.24
0.39, -0.67, 10.24
0.39, -0.67, 10.24
0.39, -0.67, 10.24
0.43, -0.71, 10.20
0.43, -0.71, 10.20
0.43, -0.71, 10.20
0.43, -0.71, 10.20
0.43, -0.71, 10.20
0.47, -0.71, 10.16
0.47, -0.71, 10.16
0.47, -0.71, 10.16
0.47, -0.71, 10.16
0.47, -0.71, 10.16
0.47, -0.63, 10.08
0.47, -0.63, 10.08
0.47, -0.63, 10.08
0.47, -0.63, 10.08
0.47, -0.63, 10.08
0.51, -0.67, 10.00
0.51, -0.67, 10.00
0.51, -0.67, 10.00
0.51, -0.67, 10.00
0.51, -0.67, 10.00
0.55, -0.55, 9.96
0.55, -0.55, 9.96
0.55, -0.55, 9.96
0.55, -0.55, 9.96
0.55, -0.55, 9.96
0.55, -0.63, 9.96
0.67, -0.63, 9.96
0.67, -0.63, 9.96
0.67, -0.63, 9.96
0.67, -0.63, 9.96
0.67, -0.55, 9.85
0.71, -0.55, 9.85
0.71, -0.55, 9.85
0.71, -0.55, 9.85
0.71, -0.55, 9.85
0.71, -0.51, 9.85
0.63, -0.51, 9.85
0.63, -0.51, 9.85
0.63, -0.51, 9.85
0.63, -0.51, 9.85
0.63, -0.67, 9.89
0.59, -0.67, 9.89
0.59, -0.67, 9.89
0.59, -0.67, 9.89
0.59, -0.67, 9.89
0.59, -0.67, 9.92
0.63, -0.67, 9.92
0.63, -0.67, 9.92
0.63, -0.67, 9.92
0.63, -0.67, 9.92
0.63, -0.75, 9.92
0.63, -0.75, 9.92
0.63, -0.75, 9.92
0.63, -0.75, 9.92
0.63, -0.75, 9.92
0.63, -0.75, 9.96
0.51, -0.75, 9.96
0.51, -0.75, 9.96
0.51, -0.75, 9.96
0.51, -0.75, 9.96
0.51, -0.75, 10.00
0.55, -0.75, 10.00
0.55, -0.75, 10.00
0.55, -0.75, 10.00
0.55, -0.75, 10.00
0.55, -0.75, 10.04
0.59, -0.71, 10.04
0.59, -0.71, 10.04
0.59, -0.71, 10.04
0.59, -0.71, 10.04
0.59, -0.71, 10.08
0.59, -0.75, 10.08
0.59, -0.75, 10.08
0.59, -0.75, 10.08
0.59, -0.75, 10.08
0.59, -0.75, 10.08
0.51, -0.75, 10.08
0.51, -0.75, 10.08
0.51, -0.75, 10.08
0.51, -0.75, 10.08
0.51, -0.75, 9.96
0.51, -0.75, 9.96
0.51, -0.75, 9.96
0.51, -0.75, 9.96
0.51, -0.75, 9.96
0.51, -0.75, 9.92
0.55, -0.67, 9.92
0.55, -0.67, 9.92
0.55, -0.67, 9.92
0.55, -0.67, 9.92
0.55, -0.67, 9.89
0.51, -0.67, 9.89
0.51, -0.67, 9.89
0.51, -0.67, 9.89
0.51, -0.67, 9.89
0.51, -0.67, 9.89
0.51, -0.71, 9.96
0.51, -0.71, 9.96
0.51, -0.71, 9.96
0.51, -0.71, 9.96
0.51, -0.71, 9.96
0.47, -0.67, 10.00
0.47, -0.67, 10.00
0.47, -0.67, 10.00
0.47, -0.67, 10.00
0.47, -0.67, 10.00
0.51, -0.71, 10.00
0.51, -0.71, 10.00
0.51, -0.71, 10.00
0.51, -0.71, 10.00
0.51, -0.71, 10.00
0.51, -0.67, 10.04
0.51, -0.67, 10.04
0.51, -0.67, 10.04
0.51, -0.67, 10.04
0.51, -0.67, 10.04
0.51, -0.63, 10.04
0.51, -0.63, 10.04
0.51, -0.63, 10.04
0.51, -0.63, 10.04
0.51, -0.63, 10.04
0.47, -0.71, 10.04
0.47, -0.71, 10.04
0.47, -0.71, 10.04
0.47, -0.71, 10.04
0.47, -0.71, 10.04
0.47, -0.63, 10.00
0.47, -0.63, 10.00
0.47, -0.63, 10.00
0.47, -0.63, 10.00
0.47, -0.63, 10.00
0.43, -0.75, 10.08
0.43, -0.75, 10.08
0.43, -0.75, 10.08
0.43, -0.75, 10.08
0.43, -0.75, 10.08
0.43, -0.75, 10.08
0.43, -0.75, 10.08
0.43, -0.75, 10.08
0.43, -0.75, 10.08
0.43, -0.75, 10.08
0.43, -0.71, 10.12
0.43, -0.71, 10.12
0.43, -0.71, 10.12
0.43, -0.71, 10.12
0.43, -0.71, 10.12
0.43, -0.78, 10.12
0.51, -0.78, 10.12
0.51, -0.78, 10.12
0.51, -0.78, 10.12
0.51, -0.78, 10.12
0.51, -0.71, 10.08
0.55, -0.71, 10.08
0.55, -0.71, 10.08
0.55, -0.71, 10.08
0.55, -0.71, 10.08
0.55, -0.67, 10.00
0.47, -0.67, 10.00
0.47, -0.67, 10.00
0.47, -0.67, 10.00
0.47, -0.67, 10.00
0.47, -0.67, 9.96
0.51, -0.67, 9.96
0.51, -0.67, 9.96
0.51, -0.67, 9.96
0.51, -0.67, 9.96
0.51, -0.59, 9.89
0.51, -0.59, 9.89
0.51, -0.59, 9.89
0.51, -0.59, 9.89
0.51, -0.59, 9.89
0.51, -0.59, 9.92
0.51, -0.59, 9.92
0.51, -0.59, 9.92
0.51, -0.59, 9.92
0.51, -0.59, 9.92
0.51, -0.59, 9.92
0.59, -0.67, 9.92
0.59, -0.67, 9.92
0.59, -0.67, 9.92
0.59, -0.67, 9.92
0.59, -0.67, 9.96
0.67, -0.67, 9.96
0.67, -0.67, 9.96
0.67, -0.67, 9.96
0.67, -0.67, 9.96
0.67, -0.67, 9.96
0.67, -0.63, 9.96
0.67, -0.63, 9.96
0.67, -0.63, 9.96
0.67, -0.63, 9.96
0.67, -0.63, 9.92
0.63, -0.67, 9.92
0.63, -0.67, 9.92
0.63, -0.67, 9.92
0.63, -0.67, 9.92
0.63, -0.67, 9.85
0.63, -0.59, 9.85
0.63, -0.59, 9.85
0.63, -0.59, 9.85
0.63, -0.59, 9.85
0.63, -0.59, 9.92
0.59, -0.55, 9.92
0.59, -0.55, 9.92
0.59, -0.55, 9.92
0.59, -0.55, 9.92
0.59, -0.55, 9.92
0.51, -0.63, 9.92
0.51, -0.63, 9.92
0.51, -0.63, 9.92
0.51, -0.63, 9.92
0.51, -0.63, 9.92
0.43, -0.78, 10.00
0.43, -0.78, 10.00
0.43, -0.78, 10.00
0.43, -0.78, 10.00
0.43, -0.78, 10.00
0.43, -0.82, 10.16
0.43, -0.82, 10.16
0.43, -0.82, 10.16
0.43, -0.82, 10.16
0.43, -0.82, 10.16
0.47, -0.82, 10.12
0.47, -0.82, 10.12
0.47, -0.82, 10.12
0.47, -0.82, 10.12
0.47, -0.82, 10.12
0.55, -0.82, 10.12
0.55, -0.82, 10.12
0.55, -0.82, 10.12
0.55, -0.82, 10.12
0.55, -0.82, 10.12
0.51, -0.75, 9.96
0.51, -0.75, 9.96
0.51, -0.75, 9.96
0.51, -0.75, 9.96
0.51, -0.75, 9.96
0.55, -0.67, 9.89
0.55, -0.67, 9.89
0.55, -0.67, 9.89
0.55, -0.67, 9.89
0.55, -0.67, 9.89
0.55, -0.67, 9.85
0.55, -0.67, 9.85
0.55, -0.67, 9.85
0.55, -0.67, 9.85
0.55, -0.67, 9.85
0.47, -0.67, 9.85
0.47, -0.67, 9.85
0.47, -0.67, 9.85
0.47, -0.67, 9.85
0.47, -0.67, 9.85
0.47, -0.71, 9.85
0.47, -0.71, 9.85
0.47, -0.71, 9.85
0.47, -0.71, 9.85
0.47, -0.71, 9.85
0.47, -0.63, 9.81
0.51, -0.63, 9.81
0.51, -0.63, 9.81
0.51, -0.63, 9.81
0.51, -0.63, 9.81
0.51, -0.75, 9.89
0.59, -0.75, 9.89
0.59, -0.75, 9.89
0.59, -0.75, 9.89
0.59, -0.75, 9.89
0.59, -0.82, 10.00
0.63, -0.82, 10.00
0.63, -0.82, 10.00
0.63, -0.82, 10.00
0.63, -0.82, 10.00
0.63, -0.78, 9.96
0.67, -0.78, 9.96
0.67, -0.78, 9.96
0.67, -0.78, 9.96
0.67, -0.78, 9.96
0.67, -0.82, 9.92
0.67, -0.82, 9.92
0.67, -0.82, 9.92
0.67, -0.82, 9.92
0.67, -0.82, 9.92
0.67, -0.78, 9.92
0.67, -0.78, 9.92
0.67, -0.78, 9.92
0.67, -0.78, 9.92
0.67, -0.78, 9.92
0.67, -0.78, 9.96
0.59, -0.78, 9.96
0.59, -0.78, 9.96
0.59, -0.78, 9.96
0.59, -0.78, 9.96
0.59, -0.78, 9.77
0.63, -0.71, 9.77
0.63, -0.71, 9.77
0.63, -0.71, 9.77
0.63, -0.71, 9.77
0.63, -0.71, 9.81
0.63, -0.75, 9.81
0.63, -0.75, 9.81
0.63, -0.75, 9.81
0.63, -0.75, 9.81
0.63, -0.75, 9.89
0.59, -0.75, 9.89
0.59, -0.75, 9.89
0.59, -0.75, 9.89
0.59, -0.75, 9.89
0.59, -0.75, 9.89
0.59, -0.78, 9.89
0.59, -0.78, 9.89
0.59, -0.78, 9.89
0.59, -0.78, 9.89
0.59, -0.78, 9.85
0.63, -0.78, 9.85
0.63, -0.78, 9.85
0.63, -0.78, 9.85
0.63, -0.78, 9.85
0.63, -0.78, 9.81
0.63, -0.63, 9.81
0.63, -0.63, 9.81
0.63, -0.63, 9.81
0.63, -0.63, 9.81
0.63, -0.63, 9.81
0.63, -0.63, 9.81
0.63, -0.63, 9.81
0.63, -0.63, 9.81
0.63, -0.63, 9.81
0.63, -0.63, 9.81
0.59, -0.67, 9.85
0.59, -0.67, 9.85
0.59, -0.67, 9.85
0.59, -0.67, 9.85
0.59, -0.67, 9.85
0.55, -0.71, 9.85
0.55, -0.71, 9.85
0.55, -0.71, 9.85
0.55, -0.71, 9.85
0.55, -0.71, 9.85
0.51, -0.75, 9.92
0.51, -0.75, 9.92
0.51, -0.75, 9.92
0.51, -0.75, 9.92
0.51, -0.75, 9.92
0.51, -0.75, 9.92
0.51, -0.75, 9.92
0.51, -0.75, 9.92
0.51, -0.75, 9.92
0.51, -0.75, 9.92
0.55, -0.78, 10.00
0.55, -0.78, 10.00
0.55, -0.78, 10.00
0.55, -0.78, 10.00
0.55, -0.78, 10.00
0.55, -0.71, 10.04
0.55, -0.71, 10.04
0.55, -0.71, 10.04
0.55, -0.71, 10.04
0.55, -0.71, 10.04
0.63, -0.63, 10.04
0.63, -0.63, 10.04
0.63, -0.63, 10.04
0.63, -0.63, 10.04
0.63, -0.63, 10.04
0.51, -0.63, 10.00
0.51, -0.63, 10.00
0.51, -0.63, 10.00
0.51, -0.63, 10.00
0.51, -0.63, 10.00
0.51, -0.67, 10.04
0.51, -0.67, 10.04
0.51, -0.67, 10.04
0.51, -0.67, 10.04
0.51, -0.67, 10.04
0.51, -0.67, 10.00
0.55, -0.67, 10.00
0.55, -0.67, 10.00
0.55, -0.67, 10.00
0.55, -0.67, 10.00
0.55, -0.59, 9.96
0.55, -0.59, 9.96
0.55, -0.59, 9.96
0.55, -0.59, 9.96
0.55, -0.59, 9.96
0.55, -0.59, 9.92
0.51, -0.59, 9.92
0.51, -0.59, 9.92
0.51, -0.59, 9.92
0.51, -0.59, 9.92
0.51, -0.51, 9.92
0.51, -0.51, 9.92
0.51, -0.51, 9.92
0.51, -0.51, 9.92
0.51, -0.51, 9.92
0.51, -0.59, 9.92
0.51, -0.59, 9.92
0.51, -0.59, 9.92
0.51, -0.59, 9.92
0.51, -0.59, 9.92
0.51, -0.67, 10.00
0.47, -0.67, 10.00
0.47, -0.67, 10.00
0.47, -0.67, 10.00
0.47, -0.67, 10.00
0.47, -0.67, 10.08
0.39, -0.71, 10.08
0.39, -0.71, 10.08
0.39, -0.71, 10.08
0.39, -0.71, 10.08
0.39, -0.71, 10.20
0.31, -0.78, 10.20
0.31, -0.78, 10.20
0.31, -0.78, 10.20
0.31, -0.78, 10.20
0.31, -0.78, 10.32
0.35, -0.86, 10.32
0.35, -0.86, 10.32
0.35, -0.86, 10.32
0.35, -0.86, 10.32
0.35, -0.86, 10.24
0.27, -0.90, 10.24
0.27, -0.90, 10.24
0.27, -0.90, 10.24
0.27, -0.90, 10.24
0.27, -0.90, 10.24
0.31, -0.86, 10.24
0.31, -0.86, 10.24
0.31, -0.86, 10.24
0.31, -0.86, 10.24
0.31, -0.86, 10.12
0.35, -0.75, 10.12
0.35, -0.75, 10.12
0.35, -0.75, 10.12
0.35, -0.75, 10.12
0.35, -0.75, 10.16
0.39, -0.75, 10.16
0.39, -0.75, 10.16
0.39, -0.75, 10.16
0.39, -0.75, 10.16
0.39, -0.75, 10.08
0.47, -0.71, 10.08
0.47, -0.71, 10.08
0.47, -0.71, 10.08
0.47, -0.71, 10.08
0.47, -0.71, 10.08
0.51, -0.71, 10.04
0.51, -0.71, 10.04
0.51, -0.71, 10.04
0.51, -0.71, 10.04
0.51, -0.71, 10.04
0.47, -0.63, 10.08
0.47, -0.63, 10.08
0.47, -0.63, 10.08
0.47, -0.63, 10.08
0.47, -0.63, 10.08
0.43, -0.63, 10.04
0.43, -0.63, 10.04
0.43, -0.63, 10.04
0.43, -0.63, 10.04
0.43, -0.63, 10.04
0.35, -0.71, 10.08
0.35, -0.71, 10.08
0.35, -0.71, 10.08
0.35, -0.71, 10.08
0.35, -0.71, 10.08
0.47, -0.78, 10.12
0.47, -0.78, 10.12
0.47, -0.78, 10.12
0.47, -0.78, 10.12
0.47, -0.78, 10.12
0.55, -0.75, 10.24
0.55, -0.75, 10.24
0.55, -0.75, 10.24
0.55, -0.75, 10.24
0.55, -0.75, 10.24
0.51, -0.82, 10.20
0.51, -0.82, 10.20
0.51, -0.82, 10.20
0.51, -0.82, 10.20
0.51, -0.82, 10.20
0.47, -0.86, 10.24
0.47, -0.86, 10.24
0.47, -0.86, 10.24
0.47, -0.86, 10.24
0.47, -0.86, 10.24
0.47, -0.78, 10.08
0.47, -0.78, 10.08
0.47, -0.78, 10.08
0.47, -0.78, 10.08
0.47, -0.78, 10.08
0.47, -0.75, 10.08
0.51, -0.75, 10.08
0.51, -0.75, 10.08
0.51, -0.75, 10.08
0.51, -0.75, 10.08
0.51, -0.78, 10.00
0.47, -0.78, 10.00
0.47, -0.78, 10.00
0.47, -0.78, 10.00
0.47, -0.78, 10.00
0.47, -0.75, 10.00
0.39, -0.75, 10.00
0.39, -0.75, 10.00
0.39, -0.75, 10.00
0.39, -0.75, 10.00
0.39, -0.75, 10.00
0.47, -0.75, 10.00
0.47, -0.75, 10.00
0.47, -0.75, 10.00
0.47, -0.75, 10.00
0.47, -0.71, 10.00
0.51, -0.71, 10.00
0.51, -0.71, 10.00
0.51, -0.71, 10.00
0.51, -0.71, 10.00
0.51, -0.67, 9.89
0.51, -0.67, 9.89
0.51, -0.67, 9.89
0.51, -0.67, 9.89
0.51, -0.67, 9.89
0.51, -0.63, 9.81
0.47, -0.63, 9.81
0.47, -0.63, 9.81
0.47, -0.63, 9.81
0.47, -0.63, 9.81
0.47, -0.63, 9.81
0.51, -0.63, 9.81
0.51, -0.63, 9.81
0.51, -0.63, 9.81
0.51, -0.63, 9.81
0.51, -0.63, 9.85
0.51, -0.71, 9.85
0.51, -0.71, 9.85
0.51, -0.71, 9.85
0.51, -0.71, 9.85
0.51, -0.71, 9.92
0.51, -0.71, 9.92
0.51, -0.71, 9.92
0.51, -0.71, 9.92
0.51, -0.71, 9.92
0.51, -0.71, 9.89
0.55, -0.63, 9.89
0.55, -0.63, 9.89
0.55, -0.63, 9.89
0.55, -0.63, 9.89
0.55, -0.63, 9.89
0.55, -0.67, 9.89
0.55, -0.67, 9.89
0.55, -0.67, 9.89
0.55, -0.67, 9.89
0.55, -0.67, 9.92
0.47, -0.71, 9.92
0.47, -0.71, 9.92
0.47, -0.71, 9.92
0.47, -0.71, 9.92
0.47, -0.71, 9.96
0.55, -0.75, 9.96
0.55, -0.75, 9.96
0.55, -0.75, 9.96
0.55, -0.75, 9.96
0.55, -0.75, 9.96
0.47, -0.75, 10.00
0.47, -0.75, 10.00
0.47, -0.75, 10.00
0.47, -0.75, 10.00
0.47, -0.75, 10.00
0.39, -0.82, 10.00
0.39, -0.82, 10.00
0.39, -0.82, 10.00
0.39, -0.82, 10.00
0.39, -0.82, 10.00
0.51, -0.82, 10.00
0.51, -0.82, 10.00
0.51, -0.82, 10.00
0.51, -0.82, 10.00
0.51, -0.82, 10.00
0.63, -0.82, 9.96
0.63, -0.82, 9.96
0.63, -0.82, 9.96
0.63, -0.82, 9.96
0.63, -0.82, 9.96
0.71, -0.78, 9.85
0.71, -0.78, 9.85
0.71, -0.78, 9.85
0.71, -0.78, 9.85
0.71, -0.78, 9.85
0.63, -0.75, 9.81
0.63, -0.75, 9.81
0.63, -0.75, 9.81
0.63, -0.75, 9.81
0.63, -0.75, 9.81
0.63, -0.82, 9.81
0.63, -0.82, 9.81
0.63, -0.82, 9.81
0.63, -0.82, 9.81
0.63, -0.82, 9.81
0.63, -0.90, 9.73
0.63, -0.90, 9.73
0.63, -0.90, 9.73
0.63, -0.90, 9.73
0.63, -0.90, 9.73
0.63, -0.90, 9.81
0.63, -0.90, 9.81
0.63, -0.90, 9.81
0.63, -0.90, 9.81
0.63, -0.90, 9.81
0.63, -1.02, 9.92
0.71, -1.02, 9.92
0.71, -1.02, 9.92
0.71, -1.02, 9.92
0.71, -1.02, 9.92
0.71, -1.02, 9.96
0.67, -1.02, 9.96
0.67, -1.02, 9.96
0.67, -1.02, 9.96
0.67, -1.02, 9.96
0.67, -1.02, 9.96
0.63, -1.02, 9.96
0.63, -1.02, 9.96
0.63, -1.02, 9.96
0.63, -1.02, 9.96
0.63, -1.02, 9.96
0.67, -1.02, 9.96
0.67, -1.02, 9.96
0.67, -1.02, 9.96
0.67, -1.02, 9.96
0.67, -0.98, 9.85
0.75, -0.98, 9.85
0.75, -0.98, 9.85
0.75, -0.98, 9.85
0.75, -0.98, 9.85
0.75, -0.94, 9.73
0.71, -0.94, 9.73
0.71, -0.94, 9.73
0.71, -0.94, 9.73
0.71, -0.94, 9.73
0.71, -0.94, 9.61
0.82, -0.98, 9.61
0.82, -0.98, 9.61
0.82, -0.98, 9.61
0.82, -0.98, 9.61
0.82, -0.98, 9.53
0.86, -0.90, 9.53
0.86, -0.90, 9.53
0.86, -0.90, 9.53
0.86, -0.90, 9.53
0.86, -0.90, 9.26
0.86, -0.78, 9.26
0.86, -0.78, 9.26
0.86, -0.78, 9.26
0.86, -0.78, 9.26
0.86, -0.78, 9.10
0.86, -0.82, 9.10
0.86, -0.82, 9.10
0.86, -0.82, 9.10
0.86, -0.82, 9.10
0.86, -0.82, 9.10
0.98, -0.78, 9.10
0.98, -0.78, 9.10
0.98, -0.78, 9.10
0.98, -0.78, 9.10
0.98, -0.78, 8.98
1.06, -0.67, 8.98
1.06, -0.67, 8.98
1.06, -0.67, 8.98
1.06, -0.67, 8.98
1.06, -0.67, 8.83
1.02, -0.78, 8.83
1.02, -0.78, 8.83
1.02, -0.78, 8.83
1.02, -0.78, 8.83
1.02, -0.78, 8.51
1.06, -0.71, 8.51
1.06, -0.71, 8.51
1.06, -0.71, 8.51
1.06, -0.71, 8.51
1.06, -0.71, 8.51
1.14, -0.67, 8.47
1.14, -0.67, 8.47
1.14, -0.67, 8.47
1.14, -0.67, 8.47
1.14, -0.67, 8.47
1.14, -0.75, 8.20
1.14, -0.75, 8.20
1.14, -0.75, 8.20
1.14, -0.75, 8.20
1.14, -0.75, 8.20
1.22, -0.67, 7.92
1.22, -0.67, 7.92
1.22, -0.67, 7.92
1.22, -0.67, 7.92
1.22, -0.67, 7.92
1.26, -0.78, 7.73
1.26, -0.78, 7.73
1.26, -0.78, 7.73
1.26, -0.78, 7.73
1.26, -0.78, 7.73
1.33, -0.71, 7.41
1.33, -0.71, 7.41
1.33, -0.71, 7.41
1.33, -0.71, 7.41
1.33, -0.71, 7.41
1.37, -0.43, 7.10
1.37, -0.43, 7.10
1.37, -0.43, 7.10
1.37, -0.43, 7.10
1.37, -0.43, 7.10
1.26, -0.51, 6.59
1.26, -0.51, 6.59
1.26, -0.51, 6.59
1.26, -0.51, 6.59
1.26, -0.51, 6.59
1.14, -0.24, 6.24
1.14, -0.24, 6.24
1.14, -0.24, 6.24
1.14, -0.24, 6.24
1.14, -0.24, 6.24
1.10, -0.12, 5.81
1.10, -0.12, 5.81
1.10, -0.12, 5.81
1.10, -0.12, 5.81
1.10, -0.12, 5.81
1.26, 0.00, 5.26
1.26, 0.00, 5.26
1.26, 0.00, 5.26
1.26, 0.00, 5.26
1.26, 0.00, 5.26
1.26, 0.20, 4.86
1.29, 0.20, 4.86
1.29, 0.20, 4.86
1.29, 0.20, 4.86
1.29, 0.20, 4.86
1.29, 0.16, 4.28
1.65, 0.16, 4.28
1.65, 0.16, 4.28
1.65, 0.16, 4.28
1.65, 0.16, 4.28
1.65, 0.04, 3.92
1.69, 0.04, 3.92
1.69, 0.04, 3.92
1.69, 0.04, 3.92
1.69, 0.04, 3.92
1.69, 0.08, 3.73
1.37, 0.08, 3.73
1.37, 0.08, 3.73
1.37, 0.08, 3.73
1.37, 0.08, 3.73
1.37, 0.04, 3.53
1.18, 0.04, 3.53
1.18, 0.04, 3.53
1.18, 0.04, 3.53
1.18, 0.04, 3.53
1.18, 0.04, 3.53
0.94, 0.00, 3.53
0.94, 0.00, 3.53
0.94, 0.00, 3.53
0.94, 0.00, 3.53
0.94, 0.00, 3.53
0.90, 0.08, 3.53
0.90, 0.08, 3.53
0.90, 0.08, 3.53
0.90, 0.08, 3.53
0.90, 0.08, 3.53
0.82, 0.04, 3.53
0.82, 0.04, 3.53
0.82, 0.04, 3.53
0.82, 0.04, 3.53
0.82, 0.04, 3.61
0.71, -0.08, 3.61
0.71, -0.08, 3.61
0.71, -0.08, 3.61
0.71, -0.08, 3.61
0.71, -0.08, 3.53
0.31, 0.00, 3.53
0.31, 0.00, 3.53
0.31, 0.00, 3.53
0.31, 0.00, 3.53
0.31, 0.00, 3.53
0.20, -0.12, 3.65
0.20, -0.12, 3.65
0.20, -0.12, 3.65
0.20, -0.12, 3.65
0.20, -0.12, 3.65
0.08, -0.12, 3.80
0.08, -0.12, 3.80
0.08, -0.12, 3.80
0.08, -0.12, 3.80
0.08, -0.12, 3.80
0.27, 0.00, 3.88
0.27, 0.00, 3.88
0.27, 0.00, 3.88
0.27, 0.00, 3.88
0.27, 0.00, 3.88
0.00, -0.12, 4.24
0.00, -0.12, 4.24
0.00, -0.12, 4.24
0.00, -0.12, 4.24
0.00, -0.12, 4.24
-0.43, -0.47, 4.51
-0.43, -0.47, 4.51
-0.43, -0.47, 4.51
-0.43, -0.47, 4.51
-0.43, -0.47, 4.51
-0.75, -0.78, 4.86
-0.75, -0.78, 4.86
-0.75, -0.78, 4.86
-0.75, -0.78, 4.86
-0.75, -0.78, 4.86
-1.14, -1.02, 5.53
-1.14, -1.02, 5.53
-1.14, -1.02, 5.53
-1.14, -1.02, 5.53
-1.14, -1.02, 5.53
-1.57, -1.26, 6.08
-1.57, -1.26, 6.08
-1.57, -1.26, 6.08
-1.57, -1.26, 6.08
-1.57, -1.26, 6.08
-1.84, -1.49, 6.90
-1.84, -1.49, 6.90
-1.84, -1.49, 6.90
-1.84, -1.49, 6.90
-1.84, -1.49, 6.90
-1.92, -1.65, 7.73
-1.92, -1.65, 7.73
-1.92, -1.65, 7.73
-1.92, -1.65, 7.73
-1.92, -1.65, 7.73
-1.69, -1.73, 8.43
-1.69, -1.73, 8.43
-1.69, -1.73, 8.43
-1.69, -1.73, 8.43
-1.69, -1.73, 8.43
-1.45, -1.80, 9.38
-1.45, -1.80, 9.38
-1.45, -1.80, 9.38
-1.45, -1.80, 9.38
-1.45, -1.80, 9.38
-1.41, -2.12, 10.40
-1.41, -2.12, 10.40
-1.41, -2.12, 10.40
-1.41, -2.12, 10.40
-1.41, -2.12, 10.40
-1.53, -2.51, 11.18
-1.53, -2.51, 11.18
-1.53, -2.51, 11.18
-1.53, -2.51, 11.18
-1.53, -2.51, 11.18
-1.26, -2.90, 12.08
-1.26, -2.90, 12.08
-1.26, -2.90, 12.08
-1.26, -2.90, 12.08
-1.26, -2.90, 12.08
-1.10, -3.26, 12.63
-1.10, -3.26, 12.63
-1.10, -3.26, 12.63
-1.10, -3.26, 12.63
-1.10, -3.26, 12.63
-1.02, -3.37, 13.53
-1.02, -3.37, 13.53
-1.02, -3.37, 13.53
-1.02, -3.37, 13.53
-1.02, -3.37, 13.53
-1.06, -3.33, 14.36
-1.06, -3.33, 14.36
-1.06, -3.33, 14.36
-1.06, -3.33, 14.36
-1.06, -3.33, 14.36
-1.06, -3.30, 15.18
-1.06, -3.30, 15.18
-1.06, -3.30, 15.18
-1.06, -3.30, 15.18
-1.06, -3.30, 15.18
-0.82, -3.37, 15.89
-0.82, -3.37, 15.89
-0.82, -3.37, 15.89
-0.82, -3.37, 15.89
-0.82, -3.37, 15.89
-0.82, -3.45, 16.48
-0.82, -3.45, 16.48
-0.82, -3.45, 16.48
-0.82, -3.45, 16.48
-0.82, -3.45, 16.48
-1.18, -3.30, 16.67
-1.18, -3.30, 16.67
-1.18, -3.30, 16.67
-1.18, -3.30, 16.67
-1.18, -3.30, 16.67
-1.73, -3.18, 16.63
-1.73, -3.18, 16.63
-1.73, -3.18, 16.63
-1.73, -3.18, 16.63
-1.73, -3.18, 16.63
-1.88, -2.94, 16.63
-1.88, -2.94, 16.63
-1.88, -2.94, 16.63
-1.88, -2.94, 16.63
-1.88, -2.94, 16.63
-1.96, -2.31, 16.67
-1.96, -2.31, 16.67
-1.96, -2.31, 16.67
-1.96, -2.31, 16.67
-1.96, -2.31, 16.67
-2.12, -1.26, 16.63
-2.12, -1.26, 16.63
-2.12, -1.26, 16.63
-2.12, -1.26, 16.63
-2.12, -1.26, 16.63
-2.35, -0.51, 16.63
-2.35, -0.51, 16.63
-2.35, -0.51, 16.63
-2.35, -0.51, 16.63
-2.35, -0.51, 16.63
-2.47, 0.08, 16.71
-2.47, 0.08, 16.71
-2.47, 0.08, 16.71
-2.47, 0.08, 16.71
-2.47, 0.08, 16.71
-2.47, 0.94, 16.87
-2.75, 0.94, 16.87
-2.75, 0.94, 16.87
-2.75, 0.94, 16.87
-2.75, 0.94, 16.87
-2.75, 1.57, 16.95
-2.79, 1.57, 16.95
-2.79, 1.57, 16.95
-2.79, 1.57, 16.95
-2.79, 1.57, 16.95
-2.79, 2.39, 16.99
-2.79, 2.39, 16.99
-2.79, 2.39, 16.99
-2.79, 2.39, 16.99
-2.79, 2.39, 16.99
-2.79, 3.37, 16.75
-2.82, 3.37, 16.75
-2.82, 3.37, 16.75
-2.82, 3.37, 16.75
-2.82, 3.37, 16.75
-2.82, 4.16, 16.59
-3.26, 4.16, 16.59
-3.26, 4.16, 16.59
-3.26, 4.16, 16.59
-3.26, 4.16, 16.59
-3.26, 4.90, 16.32
-3.49, 4.90, 16.32
-3.49, 4.90, 16.32
-3.49, 4.90, 16.32
-3.49, 4.90, 16.32
-3.49, 5.84, 16.20
-3.73, 5.84, 16.20
-3.73, 5.84, 16.20
-3.73, 5.84, 16.20
-3.73, 5.84, 16.20
-3.73, 6.83, 15.77
-4.12, 6.83, 15.77
-4.12, 6.83, 15.77
-4.12, 6.83, 15.77
-4.12, 6.83, 15.77
-4.12, 6.83, 15.69
-4.47, 7.45, 15.69
-4.47, 7.45, 15.69
-4.47, 7.45, 15.69
-4.47, 7.45, 15.69
-4.47, 7.45, 15.49
-4.67, 7.61, 15.49
-4.67, 7.61, 15.49
-4.67, 7.61, 15.49
-4.67, 7.61, 15.49
-4.67, 7.61, 15.61
-5.06, 7.22, 15.61
-5.06, 7.22, 15.61
-5.06, 7.22, 15.61
-5.06, 7.22, 15.61
-5.06, 7.22, 15.77
-5.37, 6.55, 15.77
-5.37, 6.55, 15.77
-5.37, 6.55, 15.77
-5.37, 6.55, 15.77
-5.37, 6.55, 15.85
-5.73, 5.77, 15.85
-5.73, 5.77, 15.85
-5.73, 5.77, 15.85
-5.73, 5.77, 15.85
-5.73, 5.77, 15.69
-5.84, 4.94, 15.69
-5.84, 4.94, 15.69
-5.84, 4.94, 15.69
-5.84, 4.94, 15.69
-5.84, 4.94, 15.26
-5.88, 4.39, 15.26
-5.88, 4.39, 15.26
-5.88, 4.39, 15.26
-5.88, 4.39, 15.26
-5.88, 4.39, 15.26
-5.81, 3.61, 14.79
-5.81, 3.61, 14.79
-5.81, 3.61, 14.79
-5.81, 3.61, 14.79
-5.81, 3.61, 14.79
-5.65, 2.71, 13.93
-5.65, 2.71, 13.93
-5.65, 2.71, 13.93
-5.65, 2.71, 13.93
-5.65, 2.71, 13.93
-5.49, 2.00, 13.10
-5.49, 2.00, 13.10
-5.49, 2.00, 13.10
-5.49, 2.00, 13.10
-5.49, 2.00, 13.10
-5.22, 1.06, 12.28
-5.22, 1.06, 12.28
-5.22, 1.06, 12.28
-5.22, 1.06, 12.28
-5.22, 1.06, 12.28
-5.06, 0.20, 11.14
-5.06, 0.20, 11.14
-5.06, 0.20, 11.14
-5.06, 0.20, 11.14
-5.06, 0.20, 11.14
-4.90, -0.31, 10.55
-4.90, -0.31, 10.55
-4.90, -0.31, 10.55
-4.90, -0.31, 10.55
-4.90, -0.31, 10.55
-4.67, -1.45, 10.28
-4.67, -1.45, 10.28
-4.67, -1.45, 10.28
-4.67, -1.45, 10.28
-4.67, -1.45, 10.28
-4.28, -2.63, 9.69
-4.28, -2.63, 9.69
-4.28, -2.63, 9.69
-4.28, -2.63, 9.69
-4.28, -2.63, 9.69
-3.77, -3.41, 9.34
-3.77, -3.41, 9.34
-3.77, -3.41, 9.34
-3.77, -3.41, 9.34
-3.77, -3.41, 9.34
-3.26, -4.08, 9.10
-3.26, -4.08, 9.10
-3.26, -4.08, 9.10
-3.26, -4.08, 9.10
-3.26, -4.08, 9.10
-2.75, -4.82, 9.06
-2.75, -4.82, 9.06
-2.75, -4.82, 9.06
-2.75, -4.82, 9.06
-2.75, -4.82, 9.06
-2.47, -5.37, 9.02
-2.47, -5.37, 9.02
-2.47, -5.37, 9.02
-2.47, -5.37, 9.02
-2.47, -5.37, 9.02
-2.20, -5.96, 9.30
-2.20, -5.96, 9.30
-2.20, -5.96, 9.30
-2.20, -5.96, 9.30
-2.20, -5.96, 9.30
-1.73, -6.28, 9.49
-1.73, -6.28, 9.49
-1.73, -6.28, 9.49
-1.73, -6.28, 9.49
-1.73, -6.28, 9.49
-1.57, -6.63, 9.22
-1.57, -6.63, 9.22
-1.57, -6.63, 9.22
-1.57, -6.63, 9.22
-1.57, -6.63, 9.22
-1.49, -6.63, 8.83
-1.49, -6.63, 8.83
-1.49, -6.63, 8.83
-1.49, -6.63, 8.83
-1.49, -6.63, 8.83
-1.49, -6.35, 8.71
-1.49, -6.35, 8.71
-1.49, -6.35, 8.71
-1.49, -6.35, 8.71
-1.49, -6.35, 8.71
-1.37, -6.32, 8.51
-1.37, -6.32, 8.51
-1.37, -6.32, 8.51
-1.37, -6.32, 8.51
-1.37, -6.32, 8.51
-1.10, -6.24, 8.20
-1.10, -6.24, 8.20
-1.10, -6.24, 8.20
-1.10, -6.24, 8.20
-1.10, -6.24, 8.20
-0.78, -6.12, 8.00
-0.78, -6.12, 8.00
-0.78, -6.12, 8.00
-0.78, -6.12, 8.00
-0.78, -6.12, 8.00
-0.51, -5.92, 8.00
-0.51, -5.92, 8.00
-0.51, -5.92, 8.00
-0.51, -5.92, 8.00
-0.51, -5.92, 8.00
-0.31, -5.77, 8.00
-0.31, -5.77, 8.00
-0.31, -5.77, 8.00
-0.31, -5.77, 8.00
-0.31, -5.77, 8.00
-0.24, -5.61, 8.32
-0.24, -5.61, 8.32
-0.24, -5.61, 8.32
-0.24, -5.61, 8.32
-0.24, -5.61, 8.32
-0.08, -5.57, 8.94
-0.08, -5.57, 8.94
-0.08, -5.57, 8.94
-0.08, -5.57, 8.94
-0.08, -5.57, 8.94
0.12, -5.41, 9.61
0.12, -5.41, 9.61
0.12, -5.41, 9.61
0.12, -5.41, 9.61
0.12, -5.41, 9.61
0.12, -5.33, 10.04
0.08, -5.33, 10.04
0.08, -5.33, 10.04
0.08, -5.33, 10.04
0.08, -5.33, 10.04
0.08, -5.18, 10.24
0.00, -5.18, 10.24
0.00, -5.18, 10.24
0.00, -5.18, 10.24
0.00, -5.18, 10.24
0.00, -5.02, 10.00
0.12, -5.02, 10.00
0.12, -5.02, 10.00
0.12, -5.02, 10.00
0.12, -5.02, 10.00
0.12, -4.47, 9.77
0.12, -4.47, 9.77
0.12, -4.47, 9.77
0.12, -4.47, 9.77
0.12, -4.47, 9.77
0.12, -3.84, 9.57
0.08, -3.84, 9.57
0.08, -3.84, 9.57
0.08, -3.84, 9.57
0.08, -3.84, 9.57
0.08, -3.33, 9.30
0.12, -3.33, 9.30
0.12, -3.33, 9.30
0.12, -3.33, 9.30
0.12, -3.33, 9.30
0.12, -2.71, 9.06
0.12, -2.71, 9.06
0.12, -2.71, 9.06
0.12, -2.71, 9.06
0.12, -2.71, 9.06
0.12, -2.71, 8.79
0.08, -2.31, 8.79
0.08, -2.31, 8.79
0.08, -2.31, 8.79
0.08, -2.31, 8.79
0.08, -2.31, 8.83
0.04, -1.96, 8.83
0.04, -1.96, 8.83
0.04, -1.96, 8.83
0.04, -1.96, 8.83
0.04, -1.96, 9.02
0.08, -1.69, 9.02
0.08, -1.69, 9.02
0.08, -1.69, 9.02
0.08, -1.69, 9.02
0.08, -1.69, 9.22
0.08, -1.61, 9.22
0.08, -1.61, 9.22
0.08, -1.61, 9.22
0.08, -1.61, 9.22
0.08, -1.61, 9.26
0.04, -1.49, 9.26
0.04, -1.49, 9.26
0.04, -1.49, 9.26
0.04, -1.49, 9.26
0.04, -1.49, 9.30
-0.16, -1.14, 9.30
-0.16, -1.14, 9.30
-0.16, -1.14, 9.30
-0.16, -1.14, 9.30
-0.16, -1.14, 9.34
-0.24, -1.02, 9.34
-0.24, -1.02, 9.34
-0.24, -1.02, 9.34
-0.24, -1.02, 9.34
-0.24, -1.02, 9.34
-0.20, -0.82, 9.57
-0.20, -0.82, 9.57
-0.20, -0.82, 9.57
-0.20, -0.82, 9.57
-0.20, -0.82, 9.57
-0.20, -0.71, 9.81
-0.20, -0.71, 9.81
-0.20, -0.71, 9.81
-0.20, -0.71, 9.81
-0.20, -0.71, 9.81
-0.35, -0.71, 9.85
-0.35, -0.71, 9.85
-0.35, -0.71, 9.85
-0.35, -0.71, 9.85
-0.35, -0.71, 9.85
-0.43, -0.59, 9.89
-0.43, -0.59, 9.89
-0.43, -0.59, 9.89
-0.43, -0.59, 9.89
-0.43, -0.59, 9.89
-0.59, -0.43, 9.89
-0.59, -0.43, 9.89
-0.59, -0.43, 9.89
-0.59, -0.43, 9.89
-0.59, -0.43, 9.89
-0.67, -0.24, 9.92
-0.67, -0.24, 9.92
-0.67, -0.24, 9.92
-0.67, -0.24, 9.92
-0.67, -0.24, 9.92
-0.67, 0.00, 9.81
-0.67, 0.00, 9.81
-0.67, 0.00, 9.81
-0.67, 0.00, 9.81
-0.67, 0.00, 9.81
-0.75, 0.20, 9.89
-0.75, 0.20, 9.89
-0.75, 0.20, 9.89
-0.75, 0.20, 9.89
-0.75, 0.20, 9.89
-0.67, 0.20, 9.89
-0.67, 0.20, 9.89
-0.67, 0.20, 9.89
-0.67, 0.20, 9.89
-0.67, 0.20, 9.89
-0.78, 0.16, 9.89
-0.78, 0.16, 9.89
-0.78, 0.16, 9.89
-0.78, 0.16, 9.89
-0.78, 0.16, 9.89
-1.06, 0.27, 9.77
-1.06, 0.27, 9.77
-1.06, 0.27, 9.77
-1.06, 0.27, 9.77
-1.06, 0.27, 9.77
-1.14, 0.27, 9.77
-1.14, 0.27, 9.77
-1.14, 0.27, 9.77
-1.14, 0.27, 9.77
-1.14, 0.27, 9.77
-1.14, 0.20, 9.81
-0.98, 0.20, 9.81
-0.98, 0.20, 9.81
-0.98, 0.20, 9.81
-0.98, 0.20, 9.81
-0.98, 0.16, 9.96
-0.98, 0.16, 9.96
-0.98, 0.16, 9.96
-0.98, 0.16, 9.96
-0.98, 0.16, 9.96
-0.98, 0.08, 10.04
-1.02, 0.08, 10.04
-1.02, 0.08, 10.04
-1.02, 0.08, 10.04
-1.02, 0.08, 10.04
-1.02, -0.12, 10.08
-1.02, -0.12, 10.08
-1.02, -0.12, 10.08
-1.02, -0.12, 10.08
-1.02, -0.12, 10.08
-1.02, -0.27, 10.16
-0.94, -0.27, 10.16
-0.94, -0.27, 10.16
-0.94, -0.27, 10.16
-0.94, -0.27, 10.16
-0.94, -0.31, 10.16
-0.86, -0.31, 10.16
-0.86, -0.31, 10.16
-0.86, -0.31, 10.16
-0.86, -0.31, 10.16
-0.86, -0.20, 10.08
-0.86, -0.20, 10.08
-0.86, -0.20, 10.08
-0.86, -0.20, 10.08
-0.86, -0.20, 10.08
-0.86, -0.08, 10.00
-0.98, -0.08, 10.00
-0.98, -0.08, 10.00
-0.98, -0.08, 10.00
-0.98, -0.08, 10.00
-0.98, 0.00, 9.85
-1.02, 0.00, 9.85
-1.02, 0.00, 9.85
-1.02, 0.00, 9.85
-1.02, 0.00, 9.85
-1.02, 0.04, 9.73
-0.98, 0.04, 9.73
-0.98, 0.04, 9.73
-0.98, 0.04, 9.73
-0.98, 0.04, 9.73
-0.98, 0.04, 9.69
-0.94, 0.04, 9.69
-0.94, 0.04, 9.69
-0.94, 0.04, 9.69
-0.94, 0.04, 9.69
-0.94, 0.04, 9.69
-0.98, 0.08, 9.69
-0.98, 0.08, 9.69
-0.98, 0.08, 9.69
-0.98, 0.08, 9.69
-0.98, 0.08, 9.65
-1.02, -0.04, 9.65
-1.02, -0.04, 9.65
-1.02, -0.04, 9.65
-1.02, -0.04, 9.65
-1.02, -0.04, 9.81
-0.98, -0.16, 9.81
-0.98, -0.16, 9.81
-0.98, -0.16, 9.81
-0.98, -0.16, 9.81
-0.98, -0.16, 10.00
-0.98, -0.24, 10.00
-0.98, -0.24, 10.00
-0.98, -0.24, 10.00
-0.98, -0.24, 10.00
-0.98, -0.24, 10.16
-0.94, -0.35, 10.16
-0.94, -0.35, 10.16
-0.94, -0.35, 10.16
-0.94, -0.35, 10.16
-0.94, -0.35, 10.47
-0.94, -0.55, 10.47
-0.94, -0.55, 10.47
-0.94, -0.55, 10.47
-0.94, -0.55, 10.47
-0.94, -0.55, 10.59
-0.98, -0.59, 10.59
-0.98, -0.59, 10.59
-0.98, -0.59, 10.59
-0.98, -0.59, 10.59
-0.98, -0.59, 10.47
-0.90, -0.55, 10.47
-0.90, -0.55, 10.47
-0.90, -0.55, 10.47
-0.90, -0.55, 10.47
-0.90, -0.55, 10.28
-0.98, -0.35, 10.28
-0.98, -0.35, 10.28
-0.98, -0.35, 10.28
-0.98, -0.35, 10.28
-0.98, -0.35, 10.00
-0.94, -0.16, 10.00
-0.94, -0.16, 10.00
-0.94, -0.16, 10.00
-0.94, -0.16, 10.00
-0.94, -0.16, 9.81
-0.98, 0.00, 9.81
-0.98, 0.00, 9.81
-0.98, 0.00, 9.81
-0.98, 0.00, 9.81
-0.98, 0.00, 9.85
-0.94, 0.08, 9.85
-0.94, 0.08, 9.85
-0.94, 0.08, 9.85
-0.94, 0.08, 9.85
-0.94, 0.08, 9.89
-0.86, 0.12, 9.89
-0.86, 0.12, 9.89
-0.86, 0.12, 9.89
-0.86, 0.12, 9.89
-0.86, 0.12, 9.89
-0.98, 0.12, 9.89
-0.98, 0.12, 9.89
-0.98, 0.12, 9.89
-0.98, 0.12, 9.89
-0.98, 0.12, 9.89
-0.98, 0.00, 9.96
-0.98, 0.00, 9.96
-0.98, 0.00, 9.96
-0.98, 0.00, 9.96
-0.98, 0.00, 9.96
-1.06, -0.16, 10.00
-1.06, -0.16, 10.00
-1.06, -0.16, 10.00
-1.06, -0.16, 10.00
-1.06, -0.16, 10.00
-1.14, -0.20, 10.20
-1.14, -0.20, 10.20
-1.14, -0.20, 10.20
-1.14, -0.20, 10.20
-1.14, -0.20, 10.20
-0.94, -0.31, 10.36
-0.94, -0.31, 10.36
-0.94, -0.31, 10.36
-0.94, -0.31, 10.36
-0.94, -0.31, 10.36
-0.86, -0.31, 10.32
-0.86, -0.31, 10.32
-0.86, -0.31, 10.32
-0.86, -0.31, 10.32
-0.86, -0.31, 10.32
-0.78, -0.39, 10.24
-0.78, -0.39, 10.24
-0.78, -0.39, 10.24
-0.78, -0.39, 10.24
-0.78, -0.39, 10.24
-0.82, -0.27, 10.08
-0.82, -0.27, 10.08
-0.82, -0.27, 10.08
-0.82, -0.27, 10.08
-0.82, -0.27, 10.08
-0.86, -0.12, 10.08
-0.86, -0.12, 10.08
-0.86, -0.12, 10.08
-0.86, -0.12, 10.08
-0.86, -0.12, 10.08
-0.78, -0.04, 10.00
-0.78, -0.04, 10.00
-0.78, -0.04, 10.00
-0.78, -0.04, 10.00
-0.78, -0.04, 10.00
-0.75, -0.08, 9.92
-0.75, -0.08, 9.92
-0.75, -0.08, 9.92
-0.75, -0.08, 9.92
-0.75, -0.08, 9.92
-0.86, -0.04, 9.92
-0.86, -0.04, 9.92
-0.86, -0.04, 9.92
-0.86, -0.04, 9.92
-0.86, -0.04, 9.92
-0.90, -0.08, 9.96
-0.90, -0.08, 9.96
-0.90, -0.08, 9.96
-0.90, -0.08, 9.96
-0.90, -0.08, 9.96
-0.90, 0.00, 9.92
-0.90, 0.00, 9.92
-0.90, 0.00, 9.92
-0.90, 0.00, 9.92
-0.90, 0.00, 9.92
-1.06, -0.04, 9.92
-1.06, -0.04, 9.92
-1.06, -0.04, 9.92
-1.06, -0.04, 9.92
-1.06, -0.04, 9.92
-1.02, -0.16, 10.00
-1.02, -0.16, 10.00
-1.02, -0.16, 10.00
-1.02, -0.16, 10.00
-1.02, -0.16, 10.00
