1.18, -1.57, 9.77
1.22, -1.49, 9.77
1.22, -1.49, 9.77
1.22, -1.49, 9.77
1.22, -1.49, 9.77
1.22, -1.49, 9.81
1.18, -1.61, 9.81
1.18, -1.61, 9.81
1.18, -1.61, 9.81
1.18, -1.61, 9.81
1.18, -1.61, 9.81
1.22, -1.65, 9.81
1.22, -1.65, 9.81
1.22, -1.65, 9.81
1.22, -1.65, 9.81
1.22, -1.65, 9.89
1.18, -1.61, 9.89
1.18, -1.61, 9.89
1.18, -1.61, 9.89
1.18, -1.61, 9.89
1.18, -1.61, 9.89
1.18, -1.53, 9.89
1.18, -1.53, 9.89
1.18, -1.53, 9.89
1.18, -1.53, 9.89
1.18, -1.53, 9.85
1.18, -1.49, 9.85
1.18, -1.49, 9.85
1.18, -1.49, 9.85
1.18, -1.49, 9.85
1.18, -1.49, 9.85
1.10, -1.49, 9.92
1.10, -1.49, 9.92
1.10, -1.49, 9.92
1.10, -1.49, 9.92
1.10, -1.49, 9.92
1.06, -1.49, 9.89
1.06, -1.49, 9.89
1.06, -1.49, 9.89
1.06, -1.49, 9.89
1.06, -1.49, 9.89
1.02, -1.41, 9.89
1.02, -1.41, 9.89
1.02, -1.41, 9.89
1.02, -1.41, 9.89
1.02, -1.41, 9.89
1.02, -1.49, 9.92
1.02, -1.49, 9.92
1.02, -1.49, 9.92
1.02, -1.49, 9.92
1.02, -1.49, 9.92
1.10, -1.45, 9.92
1.10, -1.45, 9.92
1.10, -1.45, 9.92
1.10, -1.45, 9.92
1.10, -1.45, 9.92
1.10, -1.49, 10.00
1.10, -1.49, 10.00
1.10, -1.49, 10.00
1.10, -1.49, 10.00
1.10, -1.49, 10.00
1.10, -1.53, 9.96
1.10, -1.53, 9.96
1.10, -1.53, 9.96
1.10, -1.53, 9.96
1.10, -1.53, 9.96
1.02, -1.53, 9.96
1.02, -1.53, 9.96
1.02, -1.53, 9.96
1.02, -1.53, 9.96
1.02, -1.53, 9.96
1.02, -1.49, 10.00
0.98, -1.49, 10.00
0.98, -1.49, 10.00
0.98, -1.49, 10.00
0.98, -1.49, 10.00
0.98, -1.45, 9.89
1.02, -1.45, 9.89
1.02, -1.45, 9.89
1.02, -1.45, 9.89
1.02, -1.45, 9.89
1.02, -1.45, 9.92
0.98, -1.45, 9.92
0.98, -1.45, 9.92
0.98, -1.45, 9.92
0.98, -1.45, 9.92
0.98, -1.37, 9.89
1.02, -1.37, 9.89
1.02, -1.37, 9.89
1.02, -1.37, 9.89
1.02, -1.37, 9.89
1.02, -1.53, 9.92
1.06, -1.53, 9.92
1.06, -1.53, 9.92
1.06, -1.53, 9.92
1.06, -1.53, 9.92
1.06, -1.41, 9.89
1.14, -1.41, 9.89
1.14, -1.41, 9.89
1.14, -1.41, 9.89
1.14, -1.41, 9.89
1.14, -1.45, 9.89
1.18, -1.45, 9.89
1.18, -1.45, 9.89
1.18, -1.45, 9.89
1.18, -1.45, 9.89
1.18, -1.45, 9.96
1.18, -1.45, 9.96
1.18, -1.45, 9.96
1.18, -1.45, 9.96
1.18, -1.45, 9.96
1.18, -1.45, 9.96
1.22, -1.45, 9.96
1.22, -1.45, 9.96
1.22, -1.45, 9.96
1.22, -1.45, 9.96
1.22, -1.45, 10.00
1.29, -1.49, 10.00
1.29, -1.49, 10.00
1.29, -1.49, 10.00
1.29, -1.49, 10.00
1.29, -1.49, 10.04
1.29, -1.53, 10.04
1.29, -1.53, 10.04
1.29, -1.53, 10.04
1.29, -1.53, 10.04
1.29, -1.53, 10.04
1.37, -1.45, 10.04
1.37, -1.45, 10.04
1.37, -1.45, 10.04
1.37, -1.45, 10.04
1.37, -1.45, 10.16
1.37, -1.33, 10.16
1.37, -1.33, 10.16
1.37, -1.33, 10.16
1.37, -1.33, 10.16
1.37, -1.33, 10.20
1.37, -1.29, 10.20
1.37, -1.29, 10.20
1.37, -1.29, 10.20
1.37, -1.29, 10.20
1.37, -1.29, 10.28
1.45, -1.33, 10.28
1.45, -1.33, 10.28
1.45, -1.33, 10.28
1.45, -1.33, 10.28
1.45, -1.33, 10.28
1.45, -1.18, 10.40
1.45, -1.18, 10.40
1.45, -1.18, 10.40
1.45, -1.18, 10.40
1.45, -1.18, 10.40
1.41, -1.14, 10.40
1.41, -1.14, 10.40
1.41, -1.14, 10.40
1.41, -1.14, 10.40
1.41, -1.14, 10.40
1.45, -0.90, 10.36
1.45, -0.90, 10.36
1.45, -0.90, 10.36
1.45, -0.90, 10.36
1.45, -0.90, 10.36
1.49, -0.55, 10.28
1.49, -0.55, 10.28
1.49, -0.55, 10.28
1.49, -0.55, 10.28
1.49, -0.55, 10.28
1.57, -0.27, 10.12
1.57, -0.27, 10.12
1.57, -0.27, 10.12
1.57, -0.27, 10.12
1.57, -0.27, 10.12
1.73, -0.04, 10.04
1.73, -0.04, 10.04
1.73, -0.04, 10.04
1.73, -0.04, 10.04
1.73, -0.04, 10.04
1.77, 0.12, 10.08
1.77, 0.12, 10.08
1.77, 0.12, 10.08
1.77, 0.12, 10.08
1.77, 0.12, 10.08
1.88, 0.43, 10.08
1.88, 0.43, 10.08
1.88, 0.43, 10.08
1.88, 0.43, 10.08
1.88, 0.43, 10.08
1.88, 0.82, 10.12
1.88, 0.82, 10.12
1.88, 0.82, 10.12
1.88, 0.82, 10.12
1.88, 0.82, 10.12
1.88, 1.26, 9.96
1.80, 1.26, 9.96
1.80, 1.26, 9.96
1.80, 1.26, 9.96
1.80, 1.26, 9.96
1.80, 1.61, 10.00
1.69, 1.61, 10.00
1.69, 1.61, 10.00
1.69, 1.61, 10.00
1.69, 1.61, 10.00
1.69, 2.08, 9.92
1.69, 2.08, 9.92
1.69, 2.08, 9.92
1.69, 2.08, 9.92
1.69, 2.08, 9.92
1.69, 2.39, 9.85
1.77, 2.39, 9.85
1.77, 2.39, 9.85
1.77, 2.39, 9.85
1.77, 2.39, 9.85
1.77, 2.39, 9.81
1.77, 2.63, 9.81
1.77, 2.63, 9.81
1.77, 2.63, 9.81
1.77, 2.63, 9.81
1.77, 2.63, 9.61
1.65, 3.02, 9.61
1.65, 3.02, 9.61
1.65, 3.02, 9.61
1.65, 3.02, 9.61
1.65, 3.02, 9.41
1.53, 3.33, 9.41
1.53, 3.33, 9.41
1.53, 3.33, 9.41
1.53, 3.33, 9.41
1.53, 3.33, 9.53
1.53, 3.61, 9.53
1.53, 3.61, 9.53
1.53, 3.61, 9.53
1.53, 3.61, 9.53
1.53, 3.61, 9.57
1.45, 3.80, 9.57
1.45, 3.80, 9.57
1.45, 3.80, 9.57
1.45, 3.80, 9.57
1.45, 3.80, 9.69
1.45, 3.88, 9.69
1.45, 3.88, 9.69
1.45, 3.88, 9.69
1.45, 3.88, 9.69
1.45, 3.88, 9.69
1.18, 4.20, 9.92
1.18, 4.20, 9.92
1.18, 4.20, 9.92
1.18, 4.20, 9.92
1.18, 4.20, 9.92
0.78, 3.96, 10.04
0.78, 3.96, 10.04
0.78, 3.96, 10.04
0.78, 3.96, 10.04
0.78, 3.96, 10.04
0.59, 3.80, 10.32
0.59, 3.80, 10.32
0.59, 3.80, 10.32
0.59, 3.80, 10.32
0.59, 3.80, 10.32
0.47, 3.69, 10.47
0.47, 3.69, 10.47
0.47, 3.69, 10.47
0.47, 3.69, 10.47
0.47, 3.69, 10.47
0.27, 3.49, 10.47
0.27, 3.49, 10.47
0.27, 3.49, 10.47
0.27, 3.49, 10.47
0.27, 3.49, 10.47
0.16, 3.33, 10.55
0.16, 3.33, 10.55
0.16, 3.33, 10.55
0.16, 3.33, 10.55
0.16, 3.33, 10.55
0.16, 3.37, 10.47
0.24, 3.37, 10.47
0.24, 3.37, 10.47
0.24, 3.37, 10.47
0.24, 3.37, 10.47
0.24, 3.30, 10.43
0.31, 3.30, 10.43
0.31, 3.30, 10.43
0.31, 3.30, 10.43
0.31, 3.30, 10.43
0.31, 3.33, 10.40
0.55, 3.33, 10.40
0.55, 3.33, 10.40
0.55, 3.33, 10.40
0.55, 3.33, 10.40
0.55, 3.49, 10.28
0.75, 3.49, 10.28
0.75, 3.49, 10.28
0.75, 3.49, 10.28
0.75, 3.49, 10.28
0.75, 3.22, 10.28
0.20, 3.22, 10.28
0.20, 3.22, 10.28
0.20, 3.22, 10.28
0.20, 3.22, 10.28
0.20, 3.22, 10.40
-0.31, 3.33, 10.40
-0.31, 3.33, 10.40
-0.31, 3.33, 10.40
-0.31, 3.33, 10.40
-0.31, 3.33, 10.40
-0.51, 3.65, 10.40
-0.51, 3.65, 10.40
-0.51, 3.65, 10.40
-0.51, 3.65, 10.40
-0.51, 3.65, 10.36
-0.82, 3.61, 10.36
-0.82, 3.61, 10.36
-0.82, 3.61, 10.36
-0.82, 3.61, 10.36
-0.82, 3.61, 10.43
-1.18, 3.53, 10.43
-1.18, 3.53, 10.43
-1.18, 3.53, 10.43
-1.18, 3.53, 10.43
-1.18, 3.53, 10.40
-1.53, 3.37, 10.40
-1.53, 3.37, 10.40
-1.53, 3.37, 10.40
-1.53, 3.37, 10.40
-1.53, 3.37, 10.40
-1.65, 3.45, 10.40
-1.65, 3.45, 10.40
-1.65, 3.45, 10.40
-1.65, 3.45, 10.40
-1.65, 3.45, 10.28
-2.04, 3.49, 10.28
-2.04, 3.49, 10.28
-2.04, 3.49, 10.28
-2.04, 3.49, 10.28
-2.04, 3.49, 10.20
-2.39, 3.53, 10.20
-2.39, 3.53, 10.20
-2.39, 3.53, 10.20
-2.39, 3.53, 10.20
-2.39, 3.53, 10.20
-2.59, 3.57, 10.04
-2.59, 3.57, 10.04
-2.59, 3.57, 10.04
-2.59, 3.57, 10.04
-2.59, 3.57, 10.04
-2.90, 3.33, 10.16
-2.90, 3.33, 10.16
-2.90, 3.33, 10.16
-2.90, 3.33, 10.16
-2.90, 3.33, 10.16
-3.22, 3.02, 10.16
-3.22, 3.02, 10.16
-3.22, 3.02, 10.16
-3.22, 3.02, 10.16
-3.22, 3.02, 10.16
-3.22, 2.71, 10.24
-3.22, 2.71, 10.24
-3.22, 2.71, 10.24
-3.22, 2.71, 10.24
-3.22, 2.71, 10.24
-2.98, 2.59, 10.24
-2.98, 2.59, 10.24
-2.98, 2.59, 10.24
-2.98, 2.59, 10.24
-2.98, 2.59, 10.24
-2.71, 2.00, 10.28
-2.71, 2.00, 10.28
-2.71, 2.00, 10.28
-2.71, 2.00, 10.28
-2.71, 2.00, 10.28
-2.39, 1.45, 10.28
-2.39, 1.45, 10.28
-2.39, 1.45, 10.28
-2.39, 1.45, 10.28
-2.39, 1.45, 10.28
-1.92, 1.26, 9.92
-1.92, 1.26, 9.92
-1.92, 1.26, 9.92
-1.92, 1.26, 9.92
-1.92, 1.26, 9.92
-1.57, 0.75, 9.61
-1.57, 0.75, 9.61
-1.57, 0.75, 9.61
-1.57, 0.75, 9.61
-1.57, 0.75, 9.61
-1.57, 0.35, 9.65
-1.41, 0.35, 9.65
-1.41, 0.35, 9.65
-1.41, 0.35, 9.65
-1.41, 0.35, 9.65
-1.41, -0.08, 10.04
-0.71, -0.08, 10.04
-0.71, -0.08, 10.04
-0.71, -0.08, 10.04
-0.71, -0.08, 10.04
-0.71, -1.06, 10.24
-0.24, -1.06, 10.24
-0.24, -1.06, 10.24
-0.24, -1.06, 10.24
-0.24, -1.06, 10.24
-0.24, -2.28, 10.36
0.24, -2.28, 10.36
0.24, -2.28, 10.36
0.24, -2.28, 10.36
0.24, -2.28, 10.36
0.24, -2.86, 10.20
0.90, -2.86, 10.20
0.90, -2.86, 10.20
0.90, -2.86, 10.20
0.90, -2.86, 10.20
0.90, -3.33, 10.16
1.18, -3.33, 10.16
1.18, -3.33, 10.16
1.18, -3.33, 10.16
1.18, -3.33, 10.16
1.18, -3.96, 10.12
1.84, -3.96, 10.12
1.84, -3.96, 10.12
1.84, -3.96, 10.12
1.84, -3.96, 10.12
1.84, -4.16, 10.24
2.16, -4.16, 10.24
2.16, -4.16, 10.24
2.16, -4.16, 10.24
2.16, -4.16, 10.24
2.16, -4.16, 10.47
2.47, -4.47, 10.47
2.47, -4.47, 10.47
2.47, -4.47, 10.47
2.47, -4.47, 10.47
2.47, -4.47, 10.75
2.90, -4.71, 10.75
2.90, -4.71, 10.75
2.90, -4.71, 10.75
2.90, -4.71, 10.75
2.90, -4.71, 10.75
2.98, -5.02, 10.75
2.98, -5.02, 10.75
2.98, -5.02, 10.75
2.98, -5.02, 10.75
2.98, -5.02, 10.43
2.90, -5.22, 10.43
2.90, -5.22, 10.43
2.90, -5.22, 10.43
2.90, -5.22, 10.43
2.90, -5.22, 9.89
3.02, -5.37, 9.89
3.02, -5.37, 9.89
3.02, -5.37, 9.89
3.02, -5.37, 9.89
3.02, -5.37, 9.38
3.02, -5.37, 9.38
3.02, -5.37, 9.38
3.02, -5.37, 9.38
3.02, -5.37, 9.38
3.02, -5.37, 9.41
3.10, -5.33, 9.41
3.10, -5.33, 9.41
3.10, -5.33, 9.41
3.10, -5.33, 9.41
3.10, -5.33, 9.77
3.22, -5.53, 9.77
3.22, -5.53, 9.77
3.22, -5.53, 9.77
3.22, -5.53, 9.77
3.22, -5.53, 9.77
3.45, -5.84, 10.16
3.45, -5.84, 10.16
3.45, -5.84, 10.16
3.45, -5.84, 10.16
3.45, -5.84, 10.16
3.69, -5.92, 10.24
3.69, -5.92, 10.24
3.69, -5.92, 10.24
3.69, -5.92, 10.24
3.69, -5.92, 10.24
3.88, -5.92, 10.04
3.88, -5.92, 10.04
3.88, -5.92, 10.04
3.88, -5.92, 10.04
3.88, -5.92, 10.04
3.92, -5.96, 9.73
3.92, -5.96, 9.73
3.92, -5.96, 9.73
3.92, -5.96, 9.73
3.92, -5.96, 9.73
3.96, -5.88, 9.65
3.96, -5.88, 9.65
3.96, -5.88, 9.65
3.96, -5.88, 9.65
3.96, -5.88, 9.65
3.96, -5.57, 9.45
3.96, -5.57, 9.45
3.96, -5.57, 9.45
3.96, -5.57, 9.45
3.96, -5.57, 9.45
3.69, -5.26, 9.34
3.69, -5.26, 9.34
3.69, -5.26, 9.34
3.69, -5.26, 9.34
3.69, -5.26, 9.34
3.53, -4.98, 9.10
3.53, -4.98, 9.10
3.53, -4.98, 9.10
3.53, -4.98, 9.10
3.53, -4.98, 9.10
3.41, -4.67, 8.94
3.41, -4.67, 8.94
3.41, -4.67, 8.94
3.41, -4.67, 8.94
3.41, -4.67, 8.94
3.41, -4.20, 8.79
3.10, -4.20, 8.79
3.10, -4.20, 8.79
3.10, -4.20, 8.79
3.10, -4.20, 8.79
3.10, -4.08, 8.83
3.02, -4.08, 8.83
3.02, -4.08, 8.83
3.02, -4.08, 8.83
3.02, -4.08, 8.83
3.02, -3.88, 8.75
2.98, -3.88, 8.75
2.98, -3.88, 8.75
2.98, -3.88, 8.75
2.98, -3.88, 8.75
2.98, -3.61, 8.71
2.94, -3.61, 8.71
2.94, -3.61, 8.71
2.94, -3.61, 8.71
2.94, -3.61, 8.71
2.94, -3.33, 8.63
3.02, -3.33, 8.63
3.02, -3.33, 8.63
3.02, -3.33, 8.63
3.02, -3.33, 8.63
3.02, -3.22, 8.39
2.98, -3.22, 8.39
2.98, -3.22, 8.39
2.98, -3.22, 8.39
2.98, -3.22, 8.39
2.98, -3.22, 8.32
2.90, -2.94, 8.32
2.90, -2.94, 8.32
2.90, -2.94, 8.32
2.90, -2.94, 8.32
2.90, -2.94, 8.39
2.79, -2.82, 8.39
2.79, -2.82, 8.39
2.79, -2.82, 8.39
2.79, -2.82, 8.39
2.79, -2.82, 8.63
2.67, -2.82, 8.63
2.67, -2.82, 8.63
2.67, -2.82, 8.63
2.67, -2.82, 8.63
2.67, -2.82, 8.83
2.59, -2.71, 8.83
2.59, -2.71, 8.83
2.59, -2.71, 8.83
2.59, -2.71, 8.83
2.59, -2.71, 8.83
2.55, -2.55, 8.83
2.55, -2.55, 8.83
2.55, -2.55, 8.83
2.55, -2.55, 8.83
2.55, -2.55, 8.87
2.51, -2.47, 8.87
2.51, -2.47, 8.87
2.51, -2.47, 8.87
2.51, -2.47, 8.87
2.51, -2.47, 8.83
2.47, -2.28, 8.83
2.47, -2.28, 8.83
2.47, -2.28, 8.83
2.47, -2.28, 8.83
2.47, -2.28, 8.63
2.47, -2.08, 8.63
2.47, -2.08, 8.63
2.47, -2.08, 8.63
2.47, -2.08, 8.63
2.47, -2.08, 8.63
2.43, -1.80, 8.75
2.43, -1.80, 8.75
2.43, -1.80, 8.75
2.43, -1.80, 8.75
2.43, -1.80, 8.75
2.28, -1.88, 9.38
2.28, -1.88, 9.38
2.28, -1.88, 9.38
2.28, -1.88, 9.38
2.28, -1.88, 9.38
2.31, -1.29, 8.79
2.31, -1.29, 8.79
2.31, -1.29, 8.79
2.31, -1.29, 8.79
2.31, -1.29, 8.79
2.20, -0.94, 8.79
2.20, -0.94, 8.79
2.20, -0.94, 8.79
2.20, -0.94, 8.79
2.20, -0.94, 8.79
2.16, -0.86, 8.90
2.16, -0.86, 8.90
2.16, -0.86, 8.90
2.16, -0.86, 8.90
2.16, -0.86, 8.90
1.92, -0.90, 9.10
1.92, -0.90, 9.10
1.92, -0.90, 9.10
1.92, -0.90, 9.10
1.92, -0.90, 9.10
1.96, -1.06, 9.18
1.96, -1.06, 9.18
1.96, -1.06, 9.18
1.96, -1.06, 9.18
1.96, -1.06, 9.18
1.88, -0.90, 9.06
1.88, -0.90, 9.06
1.88, -0.90, 9.06
1.88, -0.90, 9.06
1.88, -0.90, 9.06
1.84, -0.86, 9.26
1.84, -0.86, 9.26
1.84, -0.86, 9.26
1.84, -0.86, 9.26
1.84, -0.86, 9.26
1.84, -0.94, 9.38
1.69, -0.94, 9.38
1.69, -0.94, 9.38
1.69, -0.94, 9.38
1.69, -0.94, 9.38
1.69, -0.98, 9.57
1.53, -0.98, 9.57
1.53, -0.98, 9.57
1.53, -0.98, 9.57
1.53, -0.98, 9.57
1.53, -1.10, 9.73
1.45, -1.10, 9.73
1.45, -1.10, 9.73
1.45, -1.10, 9.73
1.45, -1.10, 9.73
1.45, -0.86, 9.77
1.41, -0.86, 9.77
1.41, -0.86, 9.77
1.41, -0.86, 9.77
1.41, -0.86, 9.77
1.41, -0.59, 9.69
1.33, -0.59, 9.69
1.33, -0.59, 9.69
1.33, -0.59, 9.69
1.33, -0.59, 9.69
1.33, -0.47, 9.65
1.33, -0.47, 9.65
1.33, -0.47, 9.65
1.33, -0.47, 9.65
1.33, -0.47, 9.65
1.33, -0.47, 9.69
1.29, -0.51, 9.69
1.29, -0.51, 9.69
1.29, -0.51, 9.69
1.29, -0.51, 9.69
1.29, -0.51, 9.77
1.37, -0.63, 9.77
1.37, -0.63, 9.77
1.37, -0.63, 9.77
1.37, -0.63, 9.77
1.37, -0.63, 9.85
1.33, -0.75, 9.85
1.33, -0.75, 9.85
1.33, -0.75, 9.85
1.33, -0.75, 9.85
1.33, -0.75, 9.92
1.37, -0.94, 9.92
1.37, -0.94, 9.92
1.37, -0.94, 9.92
1.37, -0.94, 9.92
1.37, -0.94, 10.04
1.33, -1.06, 10.04
1.33, -1.06, 10.04
1.33, -1.06, 10.04
1.33, -1.06, 10.04
1.33, -1.06, 9.92
1.33, -1.14, 9.92
1.33, -1.14, 9.92
1.33, -1.14, 9.92
1.33, -1.14, 9.92
1.33, -1.14, 9.89
1.26, -1.10, 9.89
1.26, -1.10, 9.89
1.26, -1.10, 9.89
1.26, -1.10, 9.89
1.26, -1.10, 9.85
1.14, -0.98, 9.85
1.14, -0.98, 9.85
1.14, -0.98, 9.85
1.14, -0.98, 9.85
1.14, -0.98, 9.85
1.10, -0.94, 9.81
1.10, -0.94, 9.81
1.10, -0.94, 9.81
1.10, -0.94, 9.81
1.10, -0.94, 9.81
1.10, -0.75, 9.92
1.10, -0.75, 9.92
1.10, -0.75, 9.92
1.10, -0.75, 9.92
1.10, -0.75, 9.92
1.06, -0.82, 10.00
1.06, -0.82, 10.00
1.06, -0.82, 10.00
1.06, -0.82, 10.00
1.06, -0.82, 10.00
1.26, -0.98, 10.12
1.26, -0.98, 10.12
1.26, -0.98, 10.12
1.26, -0.98, 10.12
1.26, -0.98, 10.12
1.41, -1.14, 10.24
1.41, -1.14, 10.24
1.41, -1.14, 10.24
1.41, -1.14, 10.24
1.41, -1.14, 10.24
1.45, -1.22, 10.24
1.45, -1.22, 10.24
1.45, -1.22, 10.24
1.45, -1.22, 10.24
1.45, -1.22, 10.24
1.45, -1.33, 10.20
1.45, -1.33, 10.20
1.45, -1.33, 10.20
1.45, -1.33, 10.20
1.45, -1.33, 10.20
1.26, -1.26, 10.04
1.26, -1.26, 10.04
1.26, -1.26, 10.04
1.26, -1.26, 10.04
1.26, -1.26, 10.04
1.10, -1.29, 10.00
1.10, -1.29, 10.00
1.10, -1.29, 10.00
1.10, -1.29, 10.00
1.10, -1.29, 10.00
1.10, -1.33, 9.96
1.06, -1.33, 9.96
1.06, -1.33, 9.96
1.06, -1.33, 9.96
1.06, -1.33, 9.96
1.06, -1.18, 10.04
0.90, -1.18, 10.04
0.90, -1.18, 10.04
0.90, -1.18, 10.04
0.90, -1.18, 10.04
0.90, -1.22, 10.00
0.82, -1.22, 10.00
0.82, -1.22, 10.00
0.82, -1.22, 10.00
0.82, -1.22, 10.00
0.82, -1.14, 9.92
0.86, -1.14, 9.92
0.86, -1.14, 9.92
0.86, -1.14, 9.92
0.86, -1.14, 9.92
0.86, -1.10, 10.00
0.82, -1.10, 10.00
0.82, -1.10, 10.00
0.82, -1.10, 10.00
0.82, -1.10, 10.00
0.82, -1.18, 10.04
0.82, -1.18, 10.04
0.82, -1.18, 10.04
0.82, -1.18, 10.04
0.82, -1.18, 10.04
0.82, -1.18, 10.00
0.78, -1.14, 10.00
0.78, -1.14, 10.00
0.78, -1.14, 10.00
0.78, -1.14, 10.00
0.78, -1.14, 10.00
0.75, -1.14, 10.00
0.75, -1.14, 10.00
0.75, -1.14, 10.00
0.75, -1.14, 10.00
0.75, -1.14, 10.04
0.67, -1.14, 10.04
0.67, -1.14, 10.04
0.67, -1.14, 10.04
0.67, -1.14, 10.04
0.67, -1.14, 10.04
0.63, -1.14, 10.04
0.63, -1.14, 10.04
0.63, -1.14, 10.04
0.63, -1.14, 10.04
0.63, -1.14, 10.00
0.55, -1.06, 10.00
0.55, -1.06, 10.00
0.55, -1.06, 10.00
0.55, -1.06, 10.00
0.55, -1.06, 9.92
0.55, -0.90, 9.92
0.55, -0.90, 9.92
0.55, -0.90, 9.92
0.55, -0.90, 9.92
0.55, -0.90, 10.00
0.63, -1.06, 10.00
0.63, -1.06, 10.00
0.63, -1.06, 10.00
0.63, -1.06, 10.00
0.63, -1.06, 10.00
0.71, -1.14, 9.92
0.71, -1.14, 9.92
0.71, -1.14, 9.92
0.71, -1.14, 9.92
0.71, -1.14, 9.92
0.75, -0.94, 9.92
0.75, -0.94, 9.92
0.75, -0.94, 9.92
0.75, -0.94, 9.92
0.75, -0.94, 9.92
0.75, -1.06, 9.85
0.75, -1.06, 9.85
0.75, -1.06, 9.85
0.75, -1.06, 9.85
0.75, -1.06, 9.85
0.71, -1.06, 9.81
0.71, -1.06, 9.81
0.71, -1.06, 9.81
0.71, -1.06, 9.81
0.71, -1.06, 9.81
0.67, -1.18, 9.85
0.67, -1.18, 9.85
0.67, -1.18, 9.85
0.67, -1.18, 9.85
0.67, -1.18, 9.85
0.67, -1.10, 9.92
0.67, -1.10, 9.92
0.67, -1.10, 9.92
0.67, -1.10, 9.92
0.67, -1.10, 9.92
0.75, -1.18, 9.96
0.75, -1.18, 9.96
0.75, -1.18, 9.96
0.75, -1.18, 9.96
0.75, -1.18, 9.96
0.71, -1.14, 10.00
0.71, -1.14, 10.00
0.71, -1.14, 10.00
0.71, -1.14, 10.00
0.71, -1.14, 10.00
0.78, -1.14, 10.00
0.78, -1.14, 10.00
0.78, -1.14, 10.00
0.78, -1.14, 10.00
0.78, -1.14, 10.00
0.78, -1.06, 10.00
0.67, -1.06, 10.00
0.67, -1.06, 10.00
0.67, -1.06, 10.00
0.67, -1.06, 10.00
0.67, -1.02, 10.12
0.59, -1.02, 10.12
0.59, -1.02, 10.12
0.59, -1.02, 10.12
0.59, -1.02, 10.12
0.59, -1.06, 10.08
0.43, -1.06, 10.08
0.43, -1.06, 10.08
0.43, -1.06, 10.08
0.43, -1.06, 10.08
0.43, -1.06, 10.12
0.47, -1.06, 10.12
0.47, -1.06, 10.12
